Tue Dec 20 16:17:59 Loaded file C:\PROJECTS\RAGOBOTS_HW\ROBOT\HW\ANT2\ANT2-1.MAX
Tue Dec 20 16:19:15 Saved as file BACKUP1.MAX
Tue Dec 20 16:23:45 Loaded file C:\Cadence\PSD_15.1\tools\Layout_Plus\data\template.imp
Tue Dec 20 16:23:45 Loaded file C:\Cadence\PSD_15.1\tools\Layout_Plus\data\template.imp
Tue Dec 20 16:23:50 Loaded file T:\ORCAD_LIB\G_JFOOTPRINTS.LLB
Tue Dec 20 16:26:45 Loaded file C:\Cadence\PSD_15.1\tools\Layout_Plus\data\template.imp
Tue Dec 20 16:26:46 Loaded file C:\Cadence\PSD_15.1\tools\Layout_Plus\data\template.imp
Tue Dec 20 16:26:51 Loaded file C:\Cadence\PSD_15.1\tools\Layout_Plus\data\template.imp
Tue Dec 20 16:26:55 Loaded file C:\Cadence\PSD_15.1\tools\Layout_Plus\data\template.imp
Tue Dec 20 16:26:56 Loaded file C:\Cadence\PSD_15.1\tools\Layout_Plus\data\template.imp
Tue Dec 20 16:26:56 Loaded file C:\Cadence\PSD_15.1\tools\Layout_Plus\data\template.imp
Tue Dec 20 16:26:56 Loaded file C:\Cadence\PSD_15.1\tools\Layout_Plus\data\template.imp
Tue Dec 20 16:26:57 Loaded file C:\Cadence\PSD_15.1\tools\Layout_Plus\data\template.imp
Tue Dec 20 16:26:57 Loaded file C:\Cadence\PSD_15.1\tools\Layout_Plus\data\template.imp
Tue Dec 20 16:26:57 Loaded file C:\Cadence\PSD_15.1\tools\Layout_Plus\data\template.imp
Tue Dec 20 16:26:57 Loaded file C:\Cadence\PSD_15.1\tools\Layout_Plus\data\template.imp
Tue Dec 20 16:26:57 Loaded file C:\Cadence\PSD_15.1\tools\Layout_Plus\data\template.imp
Tue Dec 20 16:26:58 Loaded file C:\Cadence\PSD_15.1\tools\Layout_Plus\data\template.imp
Tue Dec 20 16:26:58 Loaded file C:\Cadence\PSD_15.1\tools\Layout_Plus\data\template.imp
Tue Dec 20 16:26:58 Loaded file C:\Cadence\PSD_15.1\tools\Layout_Plus\data\template.imp
Tue Dec 20 16:26:59 Loaded file C:\Cadence\PSD_15.1\tools\Layout_Plus\data\template.imp
Tue Dec 20 16:27:45 Loaded file C:\Cadence\PSD_15.1\tools\Layout_Plus\data\template.imp
Tue Dec 20 16:27:46 Loaded file C:\Cadence\PSD_15.1\tools\Layout_Plus\data\template.imp
Tue Dec 20 16:27:46 Loaded file C:\Cadence\PSD_15.1\tools\Layout_Plus\data\template.imp
Tue Dec 20 16:27:47 Loaded file C:\Cadence\PSD_15.1\tools\Layout_Plus\data\template.imp
Tue Dec 20 16:27:48 Loaded file C:\Cadence\PSD_15.1\tools\Layout_Plus\data\template.imp
Tue Dec 20 16:27:55 Loaded file C:\Cadence\PSD_15.1\tools\Layout_Plus\data\template.imp
Tue Dec 20 16:27:58 Loaded file C:\Cadence\PSD_15.1\tools\Layout_Plus\data\template.imp
Tue Dec 20 16:27:59 Loaded file C:\Cadence\PSD_15.1\tools\Layout_Plus\data\template.imp
Tue Dec 20 16:27:59 Loaded file C:\Cadence\PSD_15.1\tools\Layout_Plus\data\template.imp
Tue Dec 20 16:28:00 Loaded file C:\Cadence\PSD_15.1\tools\Layout_Plus\data\template.imp
Tue Dec 20 16:28:19 Loaded file C:\Cadence\PSD_15.1\tools\Layout_Plus\data\template.imp
Tue Dec 20 16:28:32 Loaded file T:\ORCAD_LIB\G_JFOOTPRINTS.LLB
Tue Dec 20 16:28:39 Saved as file T:\ORCAD_LIB\G_JFOOTPRINTS.LLB
Tue Dec 20 16:28:43 Loaded file C:\Cadence\PSD_15.1\tools\Layout_Plus\data\template.imp
Tue Dec 20 16:28:43 Loaded file C:\Cadence\PSD_15.1\tools\Layout_Plus\data\template.imp
Tue Dec 20 16:28:49 Loaded file C:\Cadence\PSD_15.1\tools\Layout_Plus\data\template.imp
Tue Dec 20 16:28:49 Loaded file C:\Cadence\PSD_15.1\tools\Layout_Plus\data\template.imp
Tue Dec 20 16:28:56 Loaded file T:\ORCAD_LIB\G_JFOOTPRINTS.LLB
Tue Dec 20 16:28:57 Loaded file C:\Cadence\PSD_15.1\tools\Layout_Plus\data\template.imp
Tue Dec 20 16:29:02 Loaded file C:\Cadence\PSD_15.1\tools\Layout_Plus\data\template.imp
Tue Dec 20 16:29:09 Loaded file C:\Cadence\PSD_15.1\tools\Layout_Plus\library\padstack.llb
Tue Dec 20 16:30:21 Loaded file C:\Cadence\PSD_15.1\tools\Layout_Plus\library\padstack.llb
Tue Dec 20 16:30:27 Loaded file C:\Cadence\PSD_15.1\tools\Layout_Plus\library\padstack.llb
Tue Dec 20 16:30:29 Loaded file C:\Cadence\PSD_15.1\tools\Layout_Plus\library\padstack.llb
Tue Dec 20 16:34:49 Loaded file T:\ORCAD_LIB\G_JFOOTPRINTS.LLB
Tue Dec 20 16:34:54 Saved as file T:\ORCAD_LIB\G_JFOOTPRINTS.LLB
Tue Dec 20 16:34:55 Loaded file C:\Cadence\PSD_15.1\tools\Layout_Plus\data\template.imp
Tue Dec 20 16:34:55 Loaded file C:\Cadence\PSD_15.1\tools\Layout_Plus\data\template.imp
Tue Dec 20 16:35:44 Saved as file BACKUP1.MAX
Tue Dec 20 16:35:46 Saved as file BACKUP1.MAX
Tue Dec 20 16:35:46 Saved as file C:\PROJECTS\RAGOBOTS_HW\ROBOT\HW\ANT2\ANT2-1.MAX
Tue Dec 20 16:35:53 UserDiv from Layout.INI for AutoECO: 60
Tue Dec 20 16:35:53 Loaded file C:\PROJECTS\RAGOBOTS_HW\ROBOT\HW\ANT2\ANT2-1.MAX
Tue Dec 20 16:35:54 Loaded file T:\ORCAD_LIB\G_JMETRIC.LLB
Tue Dec 20 16:35:55 Loaded file T:\ORCAD_LIB\F_BCON100T.LLB
Tue Dec 20 16:35:56 Loaded file T:\ORCAD_LIB\F_BCON156T.LLB
Tue Dec 20 16:35:57 Loaded file T:\ORCAD_LIB\F_BGA.LLB
Tue Dec 20 16:35:58 Loaded file T:\ORCAD_LIB\F_CLCC.LLB
Tue Dec 20 16:35:59 Loaded file T:\ORCAD_LIB\F_DCON050T.LLB
Tue Dec 20 16:35:59 Loaded file T:\ORCAD_LIB\F_DCON085T.LLB
Tue Dec 20 16:35:59 Loaded file T:\ORCAD_LIB\F_DIMM050F.LLB
Tue Dec 20 16:36:00 Loaded file T:\ORCAD_LIB\F_DIMM050T.LLB
Tue Dec 20 16:36:00 Loaded file T:\ORCAD_LIB\F_DIN.LLB
Tue Dec 20 16:36:00 Loaded file T:\ORCAD_LIB\F_DIP100B.LLB
Tue Dec 20 16:36:01 Loaded file T:\ORCAD_LIB\F_DIP100T.LLB
Tue Dec 20 16:36:01 Loaded file T:\ORCAD_LIB\F_DSUBT.LLB
Tue Dec 20 16:36:01 Loaded file T:\ORCAD_LIB\F_DSUBT_HD.LLB
Tue Dec 20 16:36:02 Loaded file T:\ORCAD_LIB\F_ECON100T.LLB
Tue Dec 20 16:36:03 Loaded file T:\ORCAD_LIB\F_FBUS.LLB
Tue Dec 20 16:36:03 Loaded file T:\ORCAD_LIB\F_ISA.LLB
Tue Dec 20 16:36:03 Loaded file T:\ORCAD_LIB\F_JUMPER.LLB
Tue Dec 20 16:36:04 Loaded file T:\ORCAD_LIB\F_LCON100T.LLB
Tue Dec 20 16:36:04 Loaded file T:\ORCAD_LIB\F_PC104.LLB
Tue Dec 20 16:36:04 Loaded file T:\ORCAD_LIB\F_PCI.LLB
Tue Dec 20 16:36:05 Loaded file T:\ORCAD_LIB\F_PCON100T.LLB
Tue Dec 20 16:36:05 Loaded file T:\ORCAD_LIB\F_PCON156T.LLB
Tue Dec 20 16:36:06 Loaded file T:\ORCAD_LIB\F_PGA.LLB
Tue Dec 20 16:36:07 Loaded file T:\ORCAD_LIB\F_PLCC.LLB
Tue Dec 20 16:36:08 Loaded file T:\ORCAD_LIB\F_QUAD.LLB
Tue Dec 20 16:36:09 Loaded file T:\ORCAD_LIB\F_QUADB.LLB
Tue Dec 20 16:36:10 Loaded file T:\ORCAD_LIB\F_RELAY.LLB
Tue Dec 20 16:36:10 Loaded file T:\ORCAD_LIB\F_RF.LLB
Tue Dec 20 16:36:10 Loaded file T:\ORCAD_LIB\F_SBUS.LLB
Tue Dec 20 16:36:10 Loaded file T:\ORCAD_LIB\F_SIMM050F.LLB
Tue Dec 20 16:36:11 Loaded file T:\ORCAD_LIB\F_SIMM050T.LLB
Tue Dec 20 16:36:11 Loaded file T:\ORCAD_LIB\F_SIMM100F.LLB
Tue Dec 20 16:36:11 Loaded file T:\ORCAD_LIB\F_SIMM100T.LLB
Tue Dec 20 16:36:11 Loaded file T:\ORCAD_LIB\F_SIP.LLB
Tue Dec 20 16:36:12 Loaded file T:\ORCAD_LIB\F_SM.LLB
Tue Dec 20 16:36:13 Loaded file T:\ORCAD_LIB\F_SOG.LLB
Tue Dec 20 16:36:14 Loaded file T:\ORCAD_LIB\F_SOJ.LLB
Tue Dec 20 16:36:14 Loaded file T:\ORCAD_LIB\F_STIFF.LLB
Tue Dec 20 16:36:14 Loaded file T:\ORCAD_LIB\F_TELE.LLB
Tue Dec 20 16:36:14 Loaded file T:\ORCAD_LIB\F_TM_AXIAL.LLB
Tue Dec 20 16:36:15 Loaded file T:\ORCAD_LIB\F_TM_CAP_P.LLB
Tue Dec 20 16:36:15 Loaded file T:\ORCAD_LIB\F_TM_CYLND.LLB
Tue Dec 20 16:36:16 Loaded file T:\ORCAD_LIB\F_TM_DIODE.LLB
Tue Dec 20 16:36:16 Loaded file T:\ORCAD_LIB\F_TM_DISC.LLB
Tue Dec 20 16:36:16 Loaded file T:\ORCAD_LIB\F_TM_RAD.LLB
Tue Dec 20 16:36:17 Loaded file T:\ORCAD_LIB\F_TO.LLB
Tue Dec 20 16:36:18 Loaded file T:\ORCAD_LIB\F_VRES.LLB
Tue Dec 20 16:36:19 Loaded file T:\ORCAD_LIB\F_WCON100T.LLB
Tue Dec 20 16:36:19 Loaded file T:\ORCAD_LIB\F_XT.LLB
Tue Dec 20 16:36:19 Loaded file T:\ORCAD_LIB\F_ZIGZAG.LLB
Tue Dec 20 16:36:20 Loaded file T:\ORCAD_LIB\G_JFOOTPRINTS.LLB
Tue Dec 20 16:36:21 Loaded file T:\ORCAD_LIB\G_JFOOTPRINTS.LLB
Tue Dec 20 16:36:33 Saved as file C:\PROJECTS\RAGOBOTS_HW\ROBOT\HW\ANT2\ANT2-2.MAX
Tue Dec 20 16:36:34 Loaded file C:\PROJECTS\RAGOBOTS_HW\ROBOT\HW\ANT2\ANT2-2.MAX
Tue Dec 20 16:36:36 Saved as file Backup0.max
Tue Dec 20 16:36:36 Windows which were open at time of error:
Tue Dec 20 16:36:36 	ActiveWindow: &Components
Tue Dec 20 16:36:36 	Icon: &Nets
Tue Dec 20 16:36:36 	Icon: Post Proces&s
Tue Dec 20 16:36:36 	Icon: &Design
Tue Dec 20 16:36:36 End-of-list
Tue Dec 20 16:36:36 Loaded file BACKUP0.MAX
Tue Dec 20 16:36:55 Saved as file BACKUP1.MAX
Tue Dec 20 16:36:55 Saved as file C:\PROJECTS\RAGOBOTS_HW\ROBOT\HW\ANT2\ANT2-2.MAX
Tue Dec 20 16:36:56 UserDiv from Layout.INI for AutoECO: 60
Tue Dec 20 16:36:56 Loaded file C:\PROJECTS\RAGOBOTS_HW\ROBOT\HW\ANT2\ANT2-2.MAX
Tue Dec 20 16:36:57 Loaded file T:\ORCAD_LIB\G_JMETRIC.LLB
Tue Dec 20 16:36:58 Loaded file T:\ORCAD_LIB\F_BCON100T.LLB
Tue Dec 20 16:36:59 Loaded file T:\ORCAD_LIB\F_BCON156T.LLB
Tue Dec 20 16:37:00 Loaded file T:\ORCAD_LIB\F_BGA.LLB
Tue Dec 20 16:37:01 Loaded file T:\ORCAD_LIB\F_CLCC.LLB
Tue Dec 20 16:37:02 Loaded file T:\ORCAD_LIB\F_DCON050T.LLB
Tue Dec 20 16:37:02 Loaded file T:\ORCAD_LIB\F_DCON085T.LLB
Tue Dec 20 16:37:02 Loaded file T:\ORCAD_LIB\F_DIMM050F.LLB
Tue Dec 20 16:37:03 Loaded file T:\ORCAD_LIB\F_DIMM050T.LLB
Tue Dec 20 16:37:03 Loaded file T:\ORCAD_LIB\F_DIN.LLB
Tue Dec 20 16:37:03 Loaded file T:\ORCAD_LIB\F_DIP100B.LLB
Tue Dec 20 16:37:04 Loaded file T:\ORCAD_LIB\F_DIP100T.LLB
Tue Dec 20 16:37:04 Loaded file T:\ORCAD_LIB\F_DSUBT.LLB
Tue Dec 20 16:37:04 Loaded file T:\ORCAD_LIB\F_DSUBT_HD.LLB
Tue Dec 20 16:37:05 Loaded file T:\ORCAD_LIB\F_ECON100T.LLB
Tue Dec 20 16:37:06 Loaded file T:\ORCAD_LIB\F_FBUS.LLB
Tue Dec 20 16:37:06 Loaded file T:\ORCAD_LIB\F_ISA.LLB
Tue Dec 20 16:37:06 Loaded file T:\ORCAD_LIB\F_JUMPER.LLB
Tue Dec 20 16:37:07 Loaded file T:\ORCAD_LIB\F_LCON100T.LLB
Tue Dec 20 16:37:07 Loaded file T:\ORCAD_LIB\F_PC104.LLB
Tue Dec 20 16:37:07 Loaded file T:\ORCAD_LIB\F_PCI.LLB
Tue Dec 20 16:37:08 Loaded file T:\ORCAD_LIB\F_PCON100T.LLB
Tue Dec 20 16:37:08 Loaded file T:\ORCAD_LIB\F_PCON156T.LLB
Tue Dec 20 16:37:09 Loaded file T:\ORCAD_LIB\F_PGA.LLB
Tue Dec 20 16:37:10 Loaded file T:\ORCAD_LIB\F_PLCC.LLB
Tue Dec 20 16:37:11 Loaded file T:\ORCAD_LIB\F_QUAD.LLB
Tue Dec 20 16:37:12 Loaded file T:\ORCAD_LIB\F_QUADB.LLB
Tue Dec 20 16:37:13 Loaded file T:\ORCAD_LIB\F_RELAY.LLB
Tue Dec 20 16:37:13 Loaded file T:\ORCAD_LIB\F_RF.LLB
Tue Dec 20 16:37:13 Loaded file T:\ORCAD_LIB\F_SBUS.LLB
Tue Dec 20 16:37:13 Loaded file T:\ORCAD_LIB\F_SIMM050F.LLB
Tue Dec 20 16:37:14 Loaded file T:\ORCAD_LIB\F_SIMM050T.LLB
Tue Dec 20 16:37:14 Loaded file T:\ORCAD_LIB\F_SIMM100F.LLB
Tue Dec 20 16:37:14 Loaded file T:\ORCAD_LIB\F_SIMM100T.LLB
Tue Dec 20 16:37:14 Loaded file T:\ORCAD_LIB\F_SIP.LLB
Tue Dec 20 16:37:15 Loaded file T:\ORCAD_LIB\F_SM.LLB
Tue Dec 20 16:37:16 Loaded file T:\ORCAD_LIB\F_SOG.LLB
Tue Dec 20 16:37:17 Loaded file T:\ORCAD_LIB\F_SOJ.LLB
Tue Dec 20 16:37:17 Loaded file T:\ORCAD_LIB\F_STIFF.LLB
Tue Dec 20 16:37:17 Loaded file T:\ORCAD_LIB\F_TELE.LLB
Tue Dec 20 16:37:17 Loaded file T:\ORCAD_LIB\F_TM_AXIAL.LLB
Tue Dec 20 16:37:18 Loaded file T:\ORCAD_LIB\F_TM_CAP_P.LLB
Tue Dec 20 16:37:18 Loaded file T:\ORCAD_LIB\F_TM_CYLND.LLB
Tue Dec 20 16:37:19 Loaded file T:\ORCAD_LIB\F_TM_DIODE.LLB
Tue Dec 20 16:37:19 Loaded file T:\ORCAD_LIB\F_TM_DISC.LLB
Tue Dec 20 16:37:19 Loaded file T:\ORCAD_LIB\F_TM_RAD.LLB
Tue Dec 20 16:37:20 Loaded file T:\ORCAD_LIB\F_TO.LLB
Tue Dec 20 16:37:21 Loaded file T:\ORCAD_LIB\F_VRES.LLB
Tue Dec 20 16:37:22 Loaded file T:\ORCAD_LIB\F_WCON100T.LLB
Tue Dec 20 16:37:22 Loaded file T:\ORCAD_LIB\F_XT.LLB
Tue Dec 20 16:37:22 Loaded file T:\ORCAD_LIB\F_ZIGZAG.LLB
Tue Dec 20 16:37:23 Loaded file T:\ORCAD_LIB\G_JFOOTPRINTS.LLB
Tue Dec 20 16:37:29 Saved as file C:\PROJECTS\RAGOBOTS_HW\ROBOT\HW\ANT2\ANT2-3.MAX
Tue Dec 20 16:37:29 Loaded file C:\PROJECTS\RAGOBOTS_HW\ROBOT\HW\ANT2\ANT2-3.MAX
Tue Dec 20 16:38:45 Loaded file C:\CADENCE\PSD_15.1\TOOLS\LAYOUT_PLUS\data\template.imp
Tue Dec 20 16:38:45 Loaded file C:\CADENCE\PSD_15.1\TOOLS\LAYOUT_PLUS\data\template.imp
Tue Dec 20 16:38:48 Loaded file T:\ORCAD_LIB\F_BCON100T.LLB
Tue Dec 20 16:38:50 Loaded file T:\ORCAD_LIB\G_JFOOTPRINTS.LLB
Tue Dec 20 16:38:59 Loaded file C:\CADENCE\PSD_15.1\TOOLS\LAYOUT_PLUS\data\template.imp
Tue Dec 20 16:39:05 Loaded file C:\CADENCE\PSD_15.1\TOOLS\LAYOUT_PLUS\library\padstack.llb
Tue Dec 20 16:41:31 Loaded file T:\ORCAD_LIB\G_JFOOTPRINTS.LLB
Tue Dec 20 16:41:37 Saved as file T:\ORCAD_LIB\G_JFOOTPRINTS.LLB
Tue Dec 20 16:41:37 Loaded file C:\CADENCE\PSD_15.1\TOOLS\LAYOUT_PLUS\data\template.imp
Tue Dec 20 16:44:49 Loaded file C:\CADENCE\PSD_15.1\TOOLS\LAYOUT_PLUS\data\template.imp
Tue Dec 20 16:44:49 Loaded file C:\CADENCE\PSD_15.1\TOOLS\LAYOUT_PLUS\data\template.imp
Tue Dec 20 16:44:50 Loaded file C:\CADENCE\PSD_15.1\TOOLS\LAYOUT_PLUS\data\template.imp
Tue Dec 20 16:44:50 Loaded file C:\CADENCE\PSD_15.1\TOOLS\LAYOUT_PLUS\data\template.imp
Tue Dec 20 16:44:54 Loaded file T:\ORCAD_LIB\G_JFOOTPRINTS.LLB
Tue Dec 20 16:44:59 Loaded file C:\CADENCE\PSD_15.1\TOOLS\LAYOUT_PLUS\data\template.imp
Tue Dec 20 16:47:06 Saved as file BACKUP1.MAX
Tue Dec 20 16:48:22 Saved as file C:\PROJECTS\RAGOBOTS_HW\ROBOT\HW\ANT2\ANT2-3.MAX
Tue Dec 20 16:57:36 Saved as file BACKUP1.MAX
Tue Dec 20 16:57:44 Saved as file ~undo.max
Tue Dec 20 16:58:04 Saved as file C:\PROJECTS\RAGOBOTS_HW\ROBOT\HW\ANT2\ANT2-3.MAX
Tue Dec 20 17:06:07 Saved as file C:\PROJECTS\RAGOBOTS_HW\ROBOT\HW\ANT2\ANT2-3.MAX
Tue Dec 20 17:07:36 Saved as file BACKUP1.MAX
Tue Dec 20 21:23:50 Loaded file C:\PROJECTS\RAGOBOTS_HW\ROBOT\HW\ANT2\ANT2-3.MAX
Tue Dec 20 21:28:37 Saved as file BACKUP1.MAX
Tue Dec 20 21:37:39 Saved as file C:\PROJECTS\RAGOBOTS_HW\ROBOT\HW\ANT2\ANT2-3.MAX
Tue Dec 20 21:38:31 Saved as file C:\PROJECTS\RAGOBOTS_HW\ROBOT\HW\ANT2\ANT2-3.MAX
Tue Dec 20 21:39:07 Saved as file BACKUP1.MAX
Tue Dec 20 21:41:33 Saved as file C:\PROJECTS\RAGOBOTS_HW\ROBOT\HW\ANT2\ANT2-3.MAX
Tue Dec 20 21:50:37 Saved as file BACKUP1.MAX
Tue Dec 20 22:00:37 Saved as file BACKUP1.MAX
Tue Dec 20 22:10:37 Saved as file BACKUP1.MAX
Tue Dec 20 22:16:25 Saved as file C:\PROJECTS\RAGOBOTS_HW\ROBOT\HW\ANT2\ANT2-3.MAX
