AutoECO Report
FILE-A: C:\PROJECTS\RAGOBOTS_HW\ROBOT\HW\BODY\DESIGN\RAGOBOT-29.MAX
FILE-B: C:\PROJECTS\RAGOBOTS_HW\ROBOT\HW\BODY\DESIGN\RAGOBOT.MNL
If "*EOF*" immediately follows, no changes were made
Deleting BS_CB2.24 from net 5_VCC_CN
Deleting BS_CB2.6 from net CB2_CLOCK
Deleting BS_CB2.19 from net CB2_CLOCK
Adding BRAIN1.34 to net CB2_CLOCK
Deleting BS_CB2.1 from net CB2_CONTROL0
Deleting BS_CB2.13 from net CB2_CONTROL1
Deleting BS_CB2.15 from net CB2_DATA_IN
Deleting BS_CB2.2 from net CB2_DATA_IN
Adding BRAIN1.35 to net CB2_DATA_IN
Deleting BS_CB2.20 from net CB2_RESET
Deleting BS_CB2.9 from net CB2_RESET
Adding BRAIN1.32 to net CB2_RESET
Deleting BS_CB2.5 from net CB2_UPDATE
Deleting BS_CB2.16 from net CB2_UPDATE
Adding BRAIN1.33 to net CB2_UPDATE
Deleting BS_CB2.12 from net DGND_CN
Deleting BS_CB2.18 from net NERVE_CB2CLOCK
Deleting BS_CB2.14 from net NERVE_CB2DATAIN
Deleting BS_CB2.21 from net NERVE_CB2RESET
Deleting BS_CB2.17 from net NERVE_CB2UPDATE
Adding BRAIN1.13 to net BCU_BRAIN0
Adding U12.13 to net AND_B
Adding U12.11 to net AND_Y
Adding U12.12 to net AND_A
Adding NECK.28 to net N1605123
Adding NECK.26 to net N1605784
Adding NECK.34 to net N1605976
Adding NECK.24 to net N1605594
Adding NECK.36 to net N1606170
Adding U3.4 to net N2661181
Adding U3.15 to net N2664992
Adding DDSC.13 to net HEAD_EN
Adding J20.13 to net N1558683
Adding BRAIN1.29 to net BCU_BRAIN_1
Adding DDSC.14 to net NECK_EN
Deleting component BS_CB2
Deleting net BRAIN_CB2UPDATE
Deleting net BRAIN_CB2RESET
Deleting net BRAIN_CB2DATAIN
Deleting net BRAIN_CB2CLOCK
*EOF*
No errors found
