AutoECO Report
FILE-A: C:\PROJECTS\RAGOBOTS_HW\ROBOT\HW\BODY\DESIGN\RAGOBOT-25.MAX
FILE-B: C:\PROJECTS\RAGOBOTS_HW\ROBOT\HW\BODY\DESIGN\RAGOBOT.MNL
If "*EOF*" immediately follows, no changes were made
Component MECH6 -- overriding attributes
Component R12 -- overriding attributes
Component D7 -- overriding attributes
Component CB8 -- overriding attributes
Component D8 -- overriding attributes
Component R3 -- overriding attributes
Component D9 -- overriding attributes
Component CB7 -- overriding attributes
Component R4 -- overriding attributes
Component D4 -- overriding attributes
Component D10 -- overriding attributes
Component R1 -- overriding attributes
Component R5 -- overriding attributes
Component D2 -- overriding attributes
Component U8 -- overriding attributes
Component R6 -- overriding attributes
Component D3 -- overriding attributes
Component U7 -- overriding attributes
Component D5 -- overriding attributes
Component LED BAR GRAPH 1 -- overriding attributes
Component D6 -- overriding attributes
Component R2 -- overriding attributes
Component CB6 -- overriding attributes
Component RN1 -- overriding attributes
Component R8 -- overriding attributes
Component R9 -- overriding attributes
Component R7 -- overriding attributes
Component R10 -- overriding attributes
Component U6 -- overriding attributes
Component D1 -- overriding attributes
Component R11 -- overriding attributes
Component UCG1 -- overriding attributes
Component BS_CB2 -- overriding attributes
Component CD2 -- overriding attributes
Component C15 -- overriding attributes
Component L11 -- overriding attributes
Component R19 -- overriding attributes
Component C2 -- overriding attributes
Component C42 -- overriding attributes
Component AC1 -- overriding attributes
Component C18 -- overriding attributes
Component P_BCU -- overriding attributes
Component R22 -- overriding attributes
Component D_BCU -- overriding attributes
Component D18 -- overriding attributes
Component CD1 -- overriding attributes
Component R37 -- overriding attributes
Component C13 -- overriding attributes
Component R17 -- overriding attributes
Component U17 -- overriding attributes
Component Q12 -- overriding attributes
Component L3 -- overriding attributes
Component R29 -- overriding attributes
Component DAC1 -- overriding attributes
Component C54 -- overriding attributes
Component C44 -- overriding attributes
Component R25 -- overriding attributes
Component R23 -- overriding attributes
Component C43 -- overriding attributes
Component R26 -- overriding attributes
Component C17 -- overriding attributes
Component DFF7 -- overriding attributes
Component C1 -- overriding attributes
Component L4 -- overriding attributes
Component BCU -- overriding attributes
Component J34 -- overriding attributes
Component R20 -- overriding attributes
Component J42 -- overriding attributes
Component U3 -- overriding attributes
Component J20 -- overriding attributes
Component C71 -- overriding attributes
Component P_DDSC -- overriding attributes
Component TP8 -- overriding attributes
Component R50 -- overriding attributes
Component TP7 -- overriding attributes
Component DDSCL0 -- overriding attributes
Component C55 -- overriding attributes
Component R64 -- overriding attributes
Component R36 -- overriding attributes
Component RN2 -- overriding attributes
Component C62 -- overriding attributes
Component DDSC -- overriding attributes
Component R48 -- overriding attributes
Component CB3 -- overriding attributes
Component R55 -- overriding attributes
Component R56 -- overriding attributes
Component J_NERVE -- overriding attributes
Component LS1 -- overriding attributes
Component LS2 -- overriding attributes
Component CB33 -- overriding attributes
Component FOOT1 -- overriding attributes
Component FOOT0 -- overriding attributes
Component CBS1 -- overriding attributes
Component D29 -- overriding attributes
Component J5 -- overriding attributes
Component SW2 -- overriding attributes
Component VR_C2 -- overriding attributes
Component CB9 -- overriding attributes
Component VR_C3 -- overriding attributes
Component VR_L1 -- overriding attributes
Component VR_CO1 -- overriding attributes
Component VR_RSEN1 -- overriding attributes
Component FET2 -- overriding attributes
Component FET1 -- overriding attributes
Component BM1 -- overriding attributes
Component BM_R1 -- overriding attributes
Component VREG3 -- overriding attributes
Component BC_C3 -- overriding attributes
Component VR_RSEN2 -- overriding attributes
Component VREG5 -- overriding attributes
Component C21 -- overriding attributes
Component BC_R2 -- overriding attributes
Component BC_C4 -- overriding attributes
Component VR_C4 -- overriding attributes
Component VR_C1 -- overriding attributes
Component J31 -- overriding attributes
Component L5 -- overriding attributes
Component BC_C1 -- overriding attributes
Component CIN2 -- overriding attributes
Component BC_R5 -- overriding attributes
Component D26 -- overriding attributes
Component BC_R1 -- overriding attributes
Component BC_C8 -- overriding attributes
Component D27 -- overriding attributes
Component BC1 -- overriding attributes
Component VR_CI1 -- overriding attributes
Component CB10 -- overriding attributes
Component BC_RS2 -- overriding attributes
Component D28 -- overriding attributes
Component BM_RFILT1 -- overriding attributes
Component CB11 -- overriding attributes
Component Q4 -- overriding attributes
Component VR_CS1 -- overriding attributes
Component J32 -- overriding attributes
Component BC_R3 -- overriding attributes
Component BC_L1 -- overriding attributes
Component BC_C9 -- overriding attributes
Component BM_RSENS1 -- overriding attributes
Component SW3 -- overriding attributes
Component D30 -- overriding attributes
Component BC_R6 -- overriding attributes
Component VR_CIN1 -- overriding attributes
Component BC_R4 -- overriding attributes
Component BC_C2 -- overriding attributes
Component BC_C7 -- overriding attributes
Component NECK -- overriding attributes
Component R51 -- overriding attributes
Component R52 -- overriding attributes
Component R31 -- overriding attributes
Component MECH7 -- overriding attributes
Component R45 -- overriding attributes
Component PAN/TILT1 -- overriding attributes
Component MECH8 -- overriding attributes
Component R46 -- overriding attributes
Component Q3 -- overriding attributes
Component U9 -- overriding attributes
Component Y1 -- overriding attributes
Component IR1 -- overriding attributes
Component R44 -- overriding attributes
Component C4 -- overriding attributes
Component R15 -- overriding attributes
Component C46 -- overriding attributes
Component R73 -- overriding attributes
Component TP3 -- overriding attributes
Component D13 -- overriding attributes
Component U12 -- overriding attributes
Component IR2 -- overriding attributes
Component Q2 -- overriding attributes
Component C57 -- overriding attributes
Component D16 -- overriding attributes
Component C61 -- overriding attributes
Component C5 -- overriding attributes
Component TP6 -- overriding attributes
Component P_IRISL -- overriding attributes
Component R16 -- overriding attributes
Component C6 -- overriding attributes
Component D12 -- overriding attributes
Component IR3 -- overriding attributes
Component J30 -- overriding attributes
Component IRISU -- overriding attributes
Component R14 -- overriding attributes
Component TP1 -- overriding attributes
Component TP5 -- overriding attributes
Component U69 -- overriding attributes
Component C7 -- overriding attributes
Component IR4 -- overriding attributes
Component D14 -- overriding attributes
Component C19 -- overriding attributes
Component D_IRISL -- overriding attributes
Component C16 -- overriding attributes
Component R43 -- overriding attributes
Component C8 -- overriding attributes
Component R72 -- overriding attributes
Component D17 -- overriding attributes
Component C9 -- overriding attributes
Component D15 -- overriding attributes
Component IRISL -- overriding attributes
Component IR5 -- overriding attributes
Component P_IRISU -- overriding attributes
Component R28 -- overriding attributes
Component C58 -- overriding attributes
Component R24 -- overriding attributes
Component TP2 -- overriding attributes
Component R27 -- overriding attributes
Component TP4 -- overriding attributes
Component C20 -- overriding attributes
Component U16 -- overriding attributes
Component R21 -- overriding attributes
Component IR6 -- overriding attributes
Component C45 -- overriding attributes
Component C60 -- overriding attributes
Component L50 -- overriding attributes
Component D_IRISU -- overriding attributes
Component CB4 -- overriding attributes
Component L2 -- overriding attributes
Component DFF6 -- overriding attributes
Component D43 -- overriding attributes
Component RN3 -- overriding attributes
Component R13 -- overriding attributes
Component SW1 -- overriding attributes
Component PROG1 -- overriding attributes
Component U51 -- overriding attributes
Component C3 -- overriding attributes
Component R54 -- overriding attributes
Component DFF3 -- overriding attributes
Component R53 -- overriding attributes
Component DFF4 -- overriding attributes
Component DBNCE1 -- overriding attributes
Component DFF5 -- overriding attributes
Component DFF2 -- overriding attributes
Component C59 -- overriding attributes
Component U50 -- overriding attributes
Component DFF1 -- overriding attributes
Component BRAIN1 -- overriding attributes
Component CB12 -- overriding attributes
Component C31 -- overriding attributes
Component Q11 -- overriding attributes
Component C23 -- overriding attributes
Component ACCEL1 -- overriding attributes
Component L8 -- overriding attributes
Component L7 -- overriding attributes
Component C35 -- overriding attributes
Component ADC1 -- overriding attributes
Component LV4 -- overriding attributes
Component C29 -- overriding attributes
Component 2.5V -- overriding attributes
Component C26 -- overriding attributes
Component C30 -- overriding attributes
Component C34 -- overriding attributes
Component R80 -- overriding attributes
Component DZ1 -- overriding attributes
Component J33 -- overriding attributes
Component R82 -- overriding attributes
Component C10 -- overriding attributes
Component R81 -- overriding attributes
Component RV1 -- overriding attributes
Component MAGX -- overriding attributes
Component LV3 -- overriding attributes
Component MAGY -- overriding attributes
Component C22 -- overriding attributes
Component C36 -- overriding attributes
Component R32 -- overriding attributes
Component L9 -- overriding attributes
Component C33 -- overriding attributes
Component R34 -- overriding attributes
Component MAG1 -- overriding attributes
Component R83 -- overriding attributes
Component Q13 -- overriding attributes
Component C32 -- overriding attributes
Component SR+ -- overriding attributes
Component CB5 -- overriding attributes
Component R35 -- overriding attributes
Component MECH5 -- overriding attributes
Net N1653497 -- overriding attributes
Net CB2_IRIS -- overriding attributes
Net N2551677 -- overriding attributes
Net HEAD_CB2_1 -- overriding attributes
Net FOOT_EN0 -- overriding attributes
Net HEAD_BRAIN2 -- overriding attributes
Net BLED -- overriding attributes
Net 5_VCC_CN_IN -- overriding attributes
Net HEAD_NERVE2 -- overriding attributes
Net N1653515 -- overriding attributes
Net 3.3_VCC_CN_IN -- overriding attributes
Net ANALOG10 -- overriding attributes
Net FOOT_NERVE0 -- overriding attributes
Net N1682133 -- overriding attributes
Net HEAD_BRAIN1 -- overriding attributes
Net N1653521 -- overriding attributes
Net FOOT_BRAIN1 -- overriding attributes
Net CB2_CONTROL0 -- overriding attributes
Net N1681218 -- overriding attributes
Net AT_BASE -- overriding attributes
Net N1680315 -- overriding attributes
Net BRAIN_CB2UPDATE -- overriding attributes
Net ANALOG1 -- overriding attributes
Net N1679637 -- overriding attributes
Net CB2_DATA_IN -- overriding attributes
Net N1678968 -- overriding attributes
Net FOOT_BRAIN0 -- overriding attributes
Net CLEAR_ALERTS -- overriding attributes
Net NECK_EF -- overriding attributes
Net BRAIN_CB2DATAIN -- overriding attributes
Net FOOT_CB2_1 -- overriding attributes
Net JTAG_TDO -- overriding attributes
Adding net BCU_BRAIN0
Net NECK_BRAIN_TX -- overriding attributes
Net FOOT_CB2_0 -- overriding attributes
Net ANALOG0 -- overriding attributes
Net CB2_SERVO_EN -- overriding attributes
Net NECK_BRAIN_RX -- overriding attributes
Net M2_SPI_SCK -- overriding attributes
Net HEAD_IRIS6 -- overriding attributes
Net N1795357 -- overriding attributes
Net HEAD_ALERT -- overriding attributes
Net BRAIN_RESET -- overriding attributes
Net N563149 -- overriding attributes
Net FOOT_DD0 -- overriding attributes
Net NERVE_CB2CLOCK -- overriding attributes
Net HIPRI_ALERT -- overriding attributes
Net NERVE_CB2UPDATE -- overriding attributes
Net NERVE_CB2DATAIN -- overriding attributes
Net AUDIO1- -- overriding attributes
Net BRAIN_CB2RESET -- overriding attributes
Net N9286451 -- overriding attributes
Net MOTOR0+ -- overriding attributes
Net N7139205 -- overriding attributes
Net AUDIO1+ -- overriding attributes
Net AUDIO0- -- overriding attributes
Net AUDIO0+ -- overriding attributes
Net MOTOR_DIR0 -- overriding attributes
Net N2701280 -- overriding attributes
Net N2702063 -- overriding attributes
Net N2354994 -- overriding attributes
Net N2355605 -- overriding attributes
Net IRIS_ALERT -- overriding attributes
Net N2705048 -- overriding attributes
Net NECK_ALERT -- overriding attributes
Net NERVE_ALERT -- overriding attributes
Net DDSC_ALERT -- overriding attributes
Net BCU_UART_TX -- overriding attributes
Net BCU_UART_RX -- overriding attributes
Net SERVO_TILT -- overriding attributes
Net SERVO_PAN -- overriding attributes
Net MOTOR_PWM1 -- overriding attributes
Net MOTOR_PWM0 -- overriding attributes
Net MOTOR_DIR1 -- overriding attributes
Net N2678432 -- overriding attributes
Net DDSC_RESET -- overriding attributes
Net N2678280 -- overriding attributes
Net N2679136 -- overriding attributes
Net N1622204 -- overriding attributes
Net NECK_NERVE2 -- overriding attributes
Net N1622232 -- overriding attributes
Net N529469 -- overriding attributes
Net N2680745 -- overriding attributes
Net NERVE_BRAIN0 -- overriding attributes
Net NERVE_BRAIN1 -- overriding attributes
Net NERVE_BRAIN2 -- overriding attributes
Net N1622228 -- overriding attributes
Net N1622172 -- overriding attributes
Net N1646800 -- overriding attributes
Net N1622208 -- overriding attributes
Net DDSC_LED0 -- overriding attributes
Net N1646780 -- overriding attributes
Net N1325806 -- overriding attributes
Net SENS_NOT_Y -- overriding attributes
Net N1646776 -- overriding attributes
Net SENS_NOT_A -- overriding attributes
Net N1610303 -- overriding attributes
Net N1622168 -- overriding attributes
Net LED_ENCODE_40KHZ -- overriding attributes
Net N1322870 -- overriding attributes
Adding net AND_B
Net N1650309 -- overriding attributes
Net N1323146 -- overriding attributes
Net N1650145 -- overriding attributes
Net IRISU_PGM_TX -- overriding attributes
Net N1629496 -- overriding attributes
Net 3.3_AVCC_CN -- overriding attributes
Net IR_RX_VCC -- overriding attributes
Net N1629347 -- overriding attributes
Net NERVE_SERIAL_TX -- overriding attributes
Net AIR_SLINK_RX -- overriding attributes
Net N1649982 -- overriding attributes
Net NERVE_SERIAL_RX -- overriding attributes
Net N1322658 -- overriding attributes
Net N1629199 -- overriding attributes
Net IRH_ENC -- overriding attributes
Net N1649662 -- overriding attributes
Net N1323330 -- overriding attributes
Net N1628807 -- overriding attributes
Net N1322248 -- overriding attributes
Adding net AND_Y
Net N1628560 -- overriding attributes
Net AIR_SLINK_TX -- overriding attributes
Net N1650640 -- overriding attributes
Net IRIS_CNTRL -- overriding attributes
Net IR_RX_CHNL0 -- overriding attributes
Net IRISU_RESET -- overriding attributes
Net N1626929 -- overriding attributes
Net IR_RX_CHNL2 -- overriding attributes
Net N504337 -- overriding attributes
Net N1323564 -- overriding attributes
Net BC_Q1_S -- overriding attributes
Net IR_RX_CHNL1 -- overriding attributes
Net IR_RX_CHNL6 -- overriding attributes
Net N476648 -- overriding attributes
Net N1771165 -- overriding attributes
Net IRIS_TX_H -- overriding attributes
Net N1322472 -- overriding attributes
Net N480308 -- overriding attributes
Net N1657165 -- overriding attributes
Net IR_RX_CHNL5 -- overriding attributes
Net N757523 -- overriding attributes
Net IR_RX_CHNL4 -- overriding attributes
Net N757539 -- overriding attributes
Net N2712618 -- overriding attributes
Net N710798 -- overriding attributes
Net N1657161 -- overriding attributes
Net IR_RX_CHNL3 -- overriding attributes
Net N757613 -- overriding attributes
Net N1655257 -- overriding attributes
Net N1322278 -- overriding attributes
Net INPUT_VCC_CN -- overriding attributes
Net N1609153 -- overriding attributes
Net IRIS_TX_W -- overriding attributes
Net N1090832 -- overriding attributes
Net N1650474 -- overriding attributes
Net DGND_CN -- overriding attributes
Net N479092 -- overriding attributes
Net N1646772 -- overriding attributes
Net N1323354 -- overriding attributes
Net N661888 -- overriding attributes
Net N1664535 -- overriding attributes
Net BATTERY+ -- overriding attributes
Net IR_RX_VCC_SOURCE -- overriding attributes
Net N764827 -- overriding attributes
Net N1686890 -- overriding attributes
Net AIR_SLINK_XCK -- overriding attributes
Net N477696 -- overriding attributes
Net N1687303 -- overriding attributes
Net N1664259 -- overriding attributes
Net N1322078 -- overriding attributes
Net BC_Q2_G -- overriding attributes
Net N1686082 -- overriding attributes
Net N1663955 -- overriding attributes
Net N2549184 -- overriding attributes
Net N1686483 -- overriding attributes
Net N1663564 -- overriding attributes
Net IRL_ENC -- overriding attributes
Net N509171 -- overriding attributes
Net N1609149 -- overriding attributes
Net BC_Q1_G -- overriding attributes
Net N477699 -- overriding attributes
Net SAMPLE_OSC -- overriding attributes
Net BC_Q1_D -- overriding attributes
Net SVCC_CN -- overriding attributes
Net CB2_RESET -- overriding attributes
Net N1323568 -- overriding attributes
Net N515281 -- overriding attributes
Net IRIS_LED0 -- overriding attributes
Net LIMIT TO 4.2V/CELL -- overriding attributes
Net N1611970 -- overriding attributes
Net N776896 -- overriding attributes
Net N1322130 -- overriding attributes
Net IRISL_PGM_RX -- overriding attributes
Net N165725717 -- overriding attributes
Net BRAIN_CB2CLOCK -- overriding attributes
Net N165725716 -- overriding attributes
Net AGND_CN -- overriding attributes
Net IRISL_PGM_TX -- overriding attributes
Net N165725715 -- overriding attributes
Net CB2_BCU -- overriding attributes
Net N660973 -- overriding attributes
Net N165725714 -- overriding attributes
Net IRISU_PGM_RX -- overriding attributes
Net N165725713 -- overriding attributes
Net 3.3_VCC_CN -- overriding attributes
Net N27214571 -- overriding attributes
Net IRISU_PGM_SCK -- overriding attributes
Net N6522781 -- overriding attributes
Net N165725712 -- overriding attributes
Net ANALOG9 -- overriding attributes
Net N27227011 -- overriding attributes
Net N1322820 -- overriding attributes
Net N62842511 -- overriding attributes
Net N165725711 -- overriding attributes
Net N27223731 -- overriding attributes
Net IRISL_RESET -- overriding attributes
Net N62842510 -- overriding attributes
Net N165725710 -- overriding attributes
Net JTAG_TCK -- overriding attributes
Net N6284259 -- overriding attributes
Net HEAD_CB2_0 -- overriding attributes
Net IRISL_PGM_SCK -- overriding attributes
Net FOOT_NERVE1 -- overriding attributes
Adding net AND_A
Net FOOT_DD1 -- overriding attributes
Net ANALOG8 -- overriding attributes
Net 5_VCC_CN -- overriding attributes
Net N2702727 -- overriding attributes
Net BCU_MOSI -- overriding attributes
Net BUMP_CS -- overriding attributes
Net CHARGE+ -- overriding attributes
Net BCU_SCK -- overriding attributes
Net CB2_MAG_EN -- overriding attributes
Net N1752013 -- overriding attributes
Net ANALOG_BC -- overriding attributes
Net N1750891 -- overriding attributes
Net ANALOG7 -- overriding attributes
Net BCU_MISO -- overriding attributes
Net N1750903 -- overriding attributes
Net HEAD_DD -- overriding attributes
Net N1751085 -- overriding attributes
Net CB2_CONTROL1 -- overriding attributes
Net N1751133 -- overriding attributes
Net N1752333 -- overriding attributes
Net BATTERY- -- overriding attributes
Net CB2_ACC_EN -- overriding attributes
Net N1752549 -- overriding attributes
Net ANALOG6 -- overriding attributes
Net NERVE_DD -- overriding attributes
Net N1755470 -- overriding attributes
Net CB2_UPDATE -- overriding attributes
Net HEAD_NERVE1 -- overriding attributes
Net ANALOG5 -- overriding attributes
Net NECK_DD -- overriding attributes
Adding net N1605123
Net N1762247 -- overriding attributes
Adding net N1605784
Net N1629548 -- overriding attributes
Adding net N1605976
Net N1325654 -- overriding attributes
Net ANALOG3 -- overriding attributes
Adding net N1605594
Net 2.5_VREF -- overriding attributes
Net 5_AVCC_CN -- overriding attributes
Adding net N1606170
Net CLIFF_3.3_VCC -- overriding attributes
Adding net N2661181
Net CLIFF_IRPT_R -- overriding attributes
Adding net N2664992
Net ANALOG4 -- overriding attributes
Net FOOT_EN1 -- overriding attributes
Net HEAD_NERVE0 -- overriding attributes
Net BUMP_DETECTED -- overriding attributes
Net N2671061 -- overriding attributes
Net FOOT_EF0 -- overriding attributes
Net CLIFF_IRPT_L -- overriding attributes
Net N1629548_553850276 -- overriding attributes
Net TRACTION_DDIN -- overriding attributes
Net MPL_MD1 -- overriding attributes
Net BUMP_RESET -- overriding attributes
Net N1523407 -- overriding attributes
Net HEAD_BRAIN0 -- overriding attributes
Net N2570420 -- overriding attributes
Net FOOT_EF1 -- overriding attributes
Net N2568872 -- overriding attributes
Net M2_PWM1B -- overriding attributes
Net IRIS_LED1 -- overriding attributes
Net N1633021 -- overriding attributes
Net ICH_ENC -- overriding attributes
Net MPL_MD0 -- overriding attributes
Net M2_PWM1A -- overriding attributes
Net CB2_CLOCK -- overriding attributes
Net ICL_ENC -- overriding attributes
Net ANALOG2 -- overriding attributes
Adding net HEAD_EN
Net NERVE_CB2RESET -- overriding attributes
Net CLIFF_IRED- -- overriding attributes
Net N2574809 -- overriding attributes
Net IRX_VCC -- overriding attributes
Net NECK_NERVE0 -- overriding attributes
Net NECK_CB2_0 -- overriding attributes
Net N1524161 -- overriding attributes
Net N1524325 -- overriding attributes
Net IRMAN_RESET -- overriding attributes
Net 1-WIRE -- overriding attributes
Adding net N1558683
Net TRACTION_DDOUT -- overriding attributes
Net MAG_VCC_CN -- overriding attributes
Net NERVE_EF -- overriding attributes
Net NECK_CB2_2 -- overriding attributes
Net N659280 -- overriding attributes
Net I2C_SDA_5 -- overriding attributes
Net HEAD_EF -- overriding attributes
Net N2560539 -- overriding attributes
Net I2C_SCL_5 -- overriding attributes
Net JTAG_TDI -- overriding attributes
Net ACC_VCC_CN -- overriding attributes
Net BCU_ALERT -- overriding attributes
Net F5_1_VCC_CN -- overriding attributes
Net IRED -- overriding attributes
Net N1653509 -- overriding attributes
Net I2C_SDA -- overriding attributes
Net N1653503 -- overriding attributes
Net BRAIN_DD -- overriding attributes
Net M2_INT1 -- overriding attributes
Net MOTOR1- -- overriding attributes
Net NECK_BRAIN2 -- overriding attributes
Net N2567692 -- overriding attributes
Net N1627421 -- overriding attributes
Net I2C_SCL -- overriding attributes
Net N2567956 -- overriding attributes
Net N1627415 -- overriding attributes
Net NERVE_EN -- overriding attributes
Net MPL_MC -- overriding attributes
Net NECK_CB2_1 -- overriding attributes
Net MOTOR1+ -- overriding attributes
Net 3.3_VCC_IRIS -- overriding attributes
Net NECK_BRAIN1 -- overriding attributes
Net N1653491 -- overriding attributes
Adding net BCU_BRAIN_1
Net MOTOR0- -- overriding attributes
Net SIOD -- overriding attributes
Net N2550389 -- overriding attributes
Net NECK_BRAIN0 -- overriding attributes
Net N1678596 -- overriding attributes
Net JTAG_TMS -- overriding attributes
Net SIOC -- overriding attributes
Net HEAD_CB2_2 -- overriding attributes
Net NECK_NERVE1 -- overriding attributes
Adding net NECK_EN
*EOF*
No errors found
