AutoECO Report
FILE-A: C:\PROJECTS\RAGOBOTS_HW\ROBOT\HW\BODY\DESIGN\RAGOBOT-22.MAX
FILE-B: C:\PROJECTS\RAGOBOTS_HW\ROBOT\HW\BODY\DESIGN\RAGOBOT.MNL
If "*EOF*" immediately follows, no changes were made
Adding C33.1 to net 5_VCC_CN
Adding LV3.6 to net 5_VCC_CN
Adding LV3.5 to net 5_VCC_CN
Adding LV4.6 to net 5_VCC_CN
Adding C35.1 to net 5_VCC_CN
Adding LV4.5 to net 5_VCC_CN
Deleting LV4.6 from net F5_1_VCC_CN
Deleting C35.1 from net F5_1_VCC_CN
Deleting C33.1 from net F5_1_VCC_CN
Deleting LV4.5 from net F5_1_VCC_CN
Deleting LV3.6 from net F5_1_VCC_CN
Deleting LV3.5 from net F5_1_VCC_CN
Adding BRAIN1.13 to net BCU_BRAIN0
Adding U12.13 to net AND_B
Adding U12.11 to net AND_Y
Adding U12.12 to net AND_A
Adding NECK.28 to net N1605123
Adding NECK.26 to net N1605784
Adding NECK.34 to net N1605976
Adding NECK.24 to net N1605594
Adding NECK.36 to net N1606170
Adding U3.4 to net N2661181
Adding U3.15 to net N2664992
Adding DDSC.13 to net HEAD_EN
Adding J20.13 to net N1558683
Adding BRAIN1.29 to net BCU_BRAIN_1
Adding DDSC.14 to net NECK_EN
*EOF*
No errors found
