#SPECCTRA ShapeBased Automation Software V15.1 made 2003/11/17 at 23:03:32
#Host 
#ROUTING STATUS <<< C:\PROJECTS\RAGOBOTS_HW\ROBOT\HW\BODY\DESIGN\SpecctraWithinLayout.dsn >>>
Start  Time: Report Time: Tue Dec 13 17:41:33 2005

Nets         =      336   Connections         =      941
Current Wire =        0   Reroute wires       =      723
Completion   =   96.07%   Unconnections       =       29
| ROUTING HISTORY ================================================================
|     Pass     |   Conflicts |    |     |     |     |    |Red|      CPU Time     |
|   Name   |No.| Cross| Clear|Fail|Unrte| Vias|XTalk|Len.| % |  Pass   |  Total  |
|----------+---+------+------+----+-----+-----+-----+----+---+---------+---------|
| Fanout   |  1|     6|    13|   8|  438|  764|    0|   0|   |  0:00:01|  0:00:01|
| Fanout   |  2|     8|    11|   3|  435|  768|    0|   0|   |  0:00:00|  0:00:01|
| Fanout   |  3|     6|    12|   4|  436|  766|    0|   0|   |  0:00:00|  0:00:01|
| Fanout   |  4|     0|     3|   9|  435|  761|    0|   0|   |  0:00:00|  0:00:01|
| Seedvia  |  4|     0|     3|   0|  469|  795|    0|   0|   |  0:00:00|  0:00:01|
| Route    |  5|   422|   300|   2|    1|  794|    0|   0|  0|  0:00:16|  0:00:17|
| Clean    |  6|   107|   187| 111|    1|  873|    0|   0|   |  0:00:15|  0:00:32|
| Clean    |  7|    61|   165|  72|    1|  842|    0|   0|   |  0:00:15|  0:00:47|
| Route    |  8|    13|   103|  11|   26|  874|    0|   0| 83|  0:00:13|  0:01:00|
| Route    |  9|    21|   114|   8|   14|  869|    0|   0|  0|  0:00:10|  0:01:10|
| Route    | 10|    19|   132|   8|   11|  876|    0|   0|  0|  0:00:10|  0:01:20|
| Route    | 11|    34|   231|  10|    7|  884|    0|   0|  0|  0:00:12|  0:01:32|
| Route    | 12|    24|   165|  12|    7|  883|    0|   0| 28|  0:00:11|  0:01:43|
| Route    | 13|    24|   162|  10|    7|  875|    0|   0|  1|  0:00:07|  0:01:50|
| Route    | 14|    25|   159|  12|    7|  873|    0|   0|  1|  0:00:03|  0:01:53|
| Route    | 15|    24|   156|   9|    7|  875|    0|   0|  2|  0:00:11|  0:02:04|
| Route    | 16|    25|   157|  10|    7|  875|    0|   0|  0|  0:00:04|  0:02:08|
| Route    | 17|    25|   155|   9|    7|  874|    0|   0|  1|  0:00:05|  0:02:13|
| Route    | 18|    25|   155|   9|    7|  874|    0|   0|  0|  0:00:05|  0:02:18|
| Route    | 19|    24|   156|  11|    7|  874|    0|   0|  0|  0:00:03|  0:02:21|
| Route    | 20|    23|   156|   9|    7|  875|    0|   0|  0|  0:00:06|  0:02:27|
| Route    | 21|    23|   156|  11|    7|  874|    0|   0|  0|  0:00:03|  0:02:30|
| Route    | 22|    24|   155|   8|    7|  873|    0|   0|  0|  0:00:03|  0:02:33|
| Delete   | 22|     0|     0|   0|   57|  873|    0|   0|   |  0:00:00|  0:02:33|
| Clean    | 23|     0|     4|  45|   50|  825|    0|   0|   |  0:00:14|  0:02:47|
| Clean    | 24|     0|     0|  34|   50|  799|    0|   0|   |  0:00:13|  0:03:00|
| Route    | 25|    13|    71|  12|   39|  800|    0|   0| 53|  0:00:05|  0:03:05|
| Route    | 26|    34|   130|   9|   19|  808|    0|   0|  0|  0:00:07|  0:03:12|
| Route    | 27|    18|    78|   6|   15|  800|    0|   0| 41|  0:00:07|  0:03:19|
| Route    | 28|    13|    71|   7|   15|  801|    0|   0| 12|  0:00:04|  0:03:23|
| Route    | 29|    13|    70|   5|   15|  801|    0|   0|  1|  0:00:04|  0:03:27|
| Route    | 30|    22|    84|   1|   16|  797|    0|   0|  0|  0:00:04|  0:03:31|
| Route    | 31|    18|    56|   5|   12|  801|    0|   0| 30|  0:00:11|  0:03:42|
| Route    | 32|    18|    84|   4|    6|  805|    0|   0|  0|  0:00:03|  0:03:45|
| Route    | 33|    12|    46|   7|    6|  800|    0|   0| 43|  0:00:07|  0:03:52|
| Route    | 34|    17|    43|   5|    6|  800|    0|   0|  0|  0:00:08|  0:04:00|
| Route    | 35|    15|    51|   5|    3|  801|    0|   0|  0|  0:00:03|  0:04:03|
| Route    | 36|    15|    45|   7|    3|  800|    0|   0|  9|  0:00:05|  0:04:08|
| Route    | 37|    15|    45|   7|    3|  800|    0|   0|  0|  0:00:04|  0:04:12|
| Route    | 38|    15|    49|   6|    3|  798|    0|   0|  0|  0:00:06|  0:04:18|
| Route    | 39|    25|    63|   7|    3|  797|    0|   0|  0|  0:00:03|  0:04:21|
| Route    | 40|    32|    70|   5|    3|  799|    0|   0|  0|  0:00:03|  0:04:24|
| Route    | 41|    26|    49|   7|    3|  799|    0|   0| 26|  0:00:04|  0:04:28|
| Route    | 42|    21|    79|   4|    3|  799|    0|   0|  0|  0:00:03|  0:04:31|
| Route    | 43|    15|    50|   6|    3|  798|    0|   0| 35|  0:00:05|  0:04:36|
| Route    | 44|    17|    46|   7|    3|  798|    0|   0|  3|  0:00:03|  0:04:39|
| Route    | 45|    18|    58|   6|    3|  798|    0|   0|  0|  0:00:03|  0:04:42|
| Route    | 46|    15|    41|   6|    3|  799|    0|   0| 26|  0:00:04|  0:04:46|
| Route    | 47|    19|    54|   6|    3|  799|    0|   0|  0|  0:00:04|  0:04:50|
| Route    | 48|    17|    46|   8|    3|  799|    0|   0| 13|  0:00:03|  0:04:53|
| Route    | 49|    17|    55|   6|    3|  799|    0|   0|  0|  0:00:04|  0:04:57|
| Delete   | 49|     0|     0|   0|   18|  799|    0|   0|   |  0:00:00|  0:04:57|
| Clean    | 50|     0|     0|  28|   18|  785|    0|   0|   |  0:00:10|  0:05:07|
| Clean    | 51|     0|     0|  27|   18|  774|    0|   0|   |  0:00:10|  0:05:17|
| Clean    | 52|     0|     0|  27|   18|  769|    0|   0|   |  0:00:09|  0:05:26|
| Route    | 53|     0|     4|   3|   12|  771|    0|   0| 94|  0:00:01|  0:05:27|
| Route    | 54|     1|     7|   1|   11|  769|    0|   0|  0|  0:00:03|  0:05:30|
| Route    | 55|     1|     5|   4|   11|  771|    0|   0| 25|  0:00:01|  0:05:31|
| Route    | 56|     1|     5|   4|   11|  770|    0|   0|  0|  0:00:03|  0:05:34|
| Route    | 57|     9|    18|   2|    7|  770|    0|   0|  0|  0:00:02|  0:05:36|
| Filter   | 58|     0|     2|   4|   19|  761|    0|   0| 92|  0:00:02|  0:05:38|
| Filter   | 59|     0|     2|   3|   18|  760|    0|   0|  0|  0:00:03|  0:05:41|
| Filter   | 60|     0|     2|   3|   18|  758|    0|   0|  0|  0:00:01|  0:05:42|
| Filter   | 61|     0|     2|   3|   18|  758|    0|   0|  0|  0:00:02|  0:05:44|
| Filter   | 62|     0|     0|   5|   21|  758|    0|   0|100|  0:00:01|  0:05:45|
| Route    | 63|     0|     4|   7|   34|  764|    0|   0|  0|  0:00:02|  0:05:47|
| Route    | 64|    22|    83|   4|   29|  767|    0|   0|  0|  0:00:02|  0:05:49|
| Route    | 65|     2|    46|   7|   30|  782|    0|   0| 54|  0:00:05|  0:05:54|
| Route    | 66|     9|    30|   5|   30|  772|    0|   0| 18|  0:00:07|  0:06:01|
| Route    | 67|     9|    29|   7|   30|  774|    0|   0|  2|  0:00:03|  0:06:04|
| Route    | 68|     3|     8|   4|   29|  778|    0|   0| 71|  0:00:06|  0:06:10|
| Route    | 69|     2|     7|   4|   29|  778|    0|   0| 18|  0:00:02|  0:06:12|
| Route    | 70|     1|     6|   4|   29|  778|    0|   0| 22|  0:00:02|  0:06:14|
| Route    | 71|     1|     6|   4|   29|  778|    0|   0|  0|  0:00:02|  0:06:16|
| Route    | 72|     1|     6|   4|   29|  778|    0|   0|  0|  0:00:02|  0:06:18|
| Route    | 73|     1|     6|   1|   29|  778|    0|   0|  0|  0:00:01|  0:06:19|
| Route    | 74|     1|     6|   1|   29|  778|    0|   0|  0|  0:00:01|  0:06:20|
| Route    | 75|     1|     5|   1|   29|  778|    0|   0| 14|  0:00:01|  0:06:21|
| Route    | 76|     1|     5|   1|   29|  778|    0|   0|  0|  0:00:01|  0:06:22|
| Route    | 77|     1|     5|   1|   29|  778|    0|   0|  0|  0:00:01|  0:06:23|
| Route    | 78|     1|     5|   1|   29|  778|    0|   0|  0|  0:00:01|  0:06:24|
| Route    | 79|     1|     5|   1|   29|  778|    0|   0|  0|  0:00:01|  0:06:25|
| Route    | 80|     1|     5|   1|   29|  778|    0|   0|  0|  0:00:00|  0:06:25|
| Route    | 81|     1|     5|   1|   29|  778|    0|   0|  0|  0:00:00|  0:06:25|
| Route    | 82|     1|     5|   4|   29|  778|    0|   0|  0|  0:00:02|  0:06:27|
| Route    | 83|     1|     5|   4|   29|  778|    0|   0|  0|  0:00:02|  0:06:29|
| Route    | 84|     1|     5|   4|   29|  778|    0|   0|  0|  0:00:02|  0:06:31|
| Route    | 85|     1|     5|   4|   29|  778|    0|   0|  0|  0:00:02|  0:06:33|
| Route    | 86|     1|     5|   4|   29|  778|    0|   0|  0|  0:00:02|  0:06:35|
| Route    | 87|     1|     5|   4|   29|  778|    0|   0|  0|  0:00:01|  0:06:36|
| Critic   | 87|     0|     0|   0|   29|  778|    0|   0|   |  0:00:00|  0:06:36|
| Clean    | 88|     1|     5|  16|   29|  759|    0|   0|   |  0:00:09|  0:06:45|
| Clean    | 89|     1|     6|  13|   29|  748|    0|   0|   |  0:00:08|  0:06:53|
| Clean    | 90|     1|     6|  13|   29|  745|    0|   0|   |  0:00:09|  0:07:02|
| Clean    | 91|     1|     6|  13|   29|  739|    0|   0|   |  0:00:07|  0:07:09|
| Clean    | 92|     1|     6|  13|   29|  740|    0|   0|   |  0:00:08|  0:07:17|
| Miter    | 92|     1|     6|   0|   29|  740|    0|   0|   |  0:00:00|  0:07:17|
| Miter    | 92|     1|     6|   0|   29|  740|    0|   0|   |  0:00:01|  0:07:18|
| Miter    | 92|     1|     6|   0|   29|  740|    0|   0|   |  0:00:01|  0:07:19|
| Conflicts between polygon wires and fixed objects:   0
| Stub Violations:   0
| Net Order Violations:   0
| Diffpair Uncoupled Length Violations:   0
| Diffpair Phase Tolerance  Violations:   0
| Total layerset violations:   0
| Total layerset violations (exclude Fanout/Stagger):   0
# Overall Routing Time:  0:07:19
#WIRING STATISTICS================================================================
 PCB Area=17740800.000  EIC=109  Area/EIC=162759.633
 Components=415  SMDs=238
 Signal Layers=5 Power Layers=3
 Wire Junctions=156, at vias=96  Total Vias=740
 Conflicts=7   Crossovers=1, Clearances=6, Crosstalk=0, Length=0
 Manhattan length=576783.029  Horizontal=366712.847  Vertical=210070.182
 Routed length=626227.396  Horizontal=396386.951  Vertical=266261.089
 Ratio Actual / Manhattan= 1.0857
 Unconnected length=27723.411  Horizontal=17253.504  Vertical=10469.907
 Layer Direct Pins Vias  TJs Conflicts  Length  Horizontal  Vertical 
   TOP  Orth   959  740   31       1  123524.589 67475.704 64713.807
 INNER2  Horz   302  740    4       0  129203.842 105427.189 30260.164
 INNER3  Vert   302  740    7       4  125122.448 40135.781 91529.747
 INNER4  Horz   302  740    4       1  137857.290 116581.348 28318.366
 BOTTOM  Orth   755  740   14       1  110519.226 66766.929 51439.005
