Thu Apr 20 13:45:46 Saved as file BACKUP1.MAX
Thu Apr 20 13:56:16 Saved as file BACKUP1.MAX
Thu Apr 20 14:06:46 Saved as file BACKUP1.MAX
Thu Apr 20 14:17:16 Saved as file BACKUP1.MAX
Thu Apr 20 14:27:46 Saved as file BACKUP1.MAX
Thu Apr 20 14:38:16 Saved as file BACKUP1.MAX
Thu Apr 20 14:48:46 Saved as file BACKUP1.MAX
Thu Apr 20 14:59:16 Saved as file BACKUP1.MAX
Thu Apr 20 15:09:46 Saved as file BACKUP1.MAX
Thu Apr 20 15:20:16 Saved as file BACKUP1.MAX
Thu Apr 20 15:30:46 Saved as file BACKUP1.MAX
Thu Apr 20 15:41:16 Saved as file BACKUP1.MAX
Thu Apr 20 15:51:46 Saved as file BACKUP1.MAX
Thu Apr 20 16:02:16 Saved as file BACKUP1.MAX
Thu Apr 20 16:12:46 Saved as file BACKUP1.MAX
Thu Apr 20 16:23:16 Saved as file BACKUP1.MAX
Thu Apr 20 16:33:46 Saved as file BACKUP1.MAX
Thu Apr 20 16:44:16 Saved as file BACKUP1.MAX
Thu Apr 20 16:54:46 Saved as file BACKUP1.MAX
Thu Apr 20 17:05:16 Saved as file BACKUP1.MAX
Thu Apr 20 17:15:46 Saved as file BACKUP1.MAX
Thu Apr 20 17:26:16 Saved as file BACKUP1.MAX
Thu Apr 20 17:36:46 Saved as file BACKUP1.MAX
Thu Apr 20 17:47:16 Saved as file BACKUP1.MAX
Thu Apr 20 17:57:46 Saved as file BACKUP1.MAX
Thu Apr 20 18:08:16 Saved as file BACKUP1.MAX
Thu Apr 20 18:18:46 Saved as file BACKUP1.MAX
Thu Apr 20 18:29:16 Saved as file BACKUP1.MAX
Thu Apr 20 18:29:38 Saved as file C:\PROJECTS\RAGOBOTS_HW\ROBOT\HW\NECK.DISPLAY\DESIGN\NECK_DISPLAY.MAX
Thu Apr 20 18:39:46 Saved as file BACKUP1.MAX
Thu Apr 20 18:50:16 Saved as file BACKUP1.MAX
Thu Apr 20 19:00:46 Saved as file BACKUP1.MAX
Thu Apr 20 19:11:16 Saved as file BACKUP1.MAX
Thu Apr 20 19:21:46 Saved as file BACKUP1.MAX
Thu Apr 20 19:32:16 Saved as file BACKUP1.MAX
Thu Apr 20 19:42:46 Saved as file BACKUP1.MAX
Thu Apr 20 19:53:16 Saved as file BACKUP1.MAX
Thu Apr 20 20:03:46 Saved as file BACKUP1.MAX
Thu Apr 20 20:14:16 Saved as file BACKUP1.MAX
Thu Apr 20 20:24:46 Saved as file BACKUP1.MAX
Thu Apr 20 20:35:16 Saved as file BACKUP1.MAX
Thu Apr 20 20:45:46 Saved as file BACKUP1.MAX
Thu Apr 20 20:56:16 Saved as file BACKUP1.MAX
Thu Apr 20 21:06:46 Saved as file BACKUP1.MAX
Thu Apr 20 21:17:17 Saved as file BACKUP1.MAX
Thu Apr 20 21:27:47 Saved as file BACKUP1.MAX
Thu Apr 20 21:38:17 Saved as file BACKUP1.MAX
Thu Apr 20 21:48:47 Saved as file BACKUP1.MAX
Thu Apr 20 21:59:17 Saved as file BACKUP1.MAX
Thu Apr 20 22:09:46 Saved as file BACKUP1.MAX
Thu Apr 20 22:20:16 Saved as file BACKUP1.MAX
Thu Apr 20 22:30:46 Saved as file BACKUP1.MAX
Thu Apr 20 22:41:16 Saved as file BACKUP1.MAX
Thu Apr 20 22:51:46 Saved as file BACKUP1.MAX
Thu Apr 20 23:02:16 Saved as file BACKUP1.MAX
Thu Apr 20 23:12:46 Saved as file BACKUP1.MAX
Fri Apr 21 16:04:34 Saved as file ~undo.max
Fri Apr 21 16:05:21 Saved as file ~undo.max
Fri Apr 21 16:06:55 Saved as file BACKUP1.MAX
Fri Apr 21 16:08:04 Saved as file C:\PROJECTS\RAGOBOTS_HW\ROBOT\HW\NECK.DISPLAY\DESIGN\NECK_DISPLAY.MAX
Fri Apr 21 16:17:25 Saved as file BACKUP1.MAX
Fri Apr 21 16:27:55 Saved as file BACKUP1.MAX
Fri Apr 21 16:38:55 Saved as file BACKUP1.MAX
Fri Apr 21 16:44:31 Removed unused net: SERVO_TILT
Fri Apr 21 16:44:31 Removed unused net: SERVO_PAN
Fri Apr 21 16:44:31 Removed unused net: NECK_NERVE2
Fri Apr 21 16:44:31 Removed unused net: NECK_NERVE1
Fri Apr 21 16:44:31 Removed unused net: NECK_CB2_2
Fri Apr 21 16:44:31 Removed unused net: NECK_BRAIN2
Fri Apr 21 16:44:31 Removed unused net: N2934680
Fri Apr 21 16:44:31 Removed unused net: N2934584
Fri Apr 21 16:44:31 Removed unused net: N2766684
Fri Apr 21 16:44:31 Removed unused net: N2766680
Fri Apr 21 16:44:31 Removed unused net: N2766676
Fri Apr 21 16:44:31 Removed unused net: N2766672
Fri Apr 21 16:44:31 Removed unused net: N2766656
Fri Apr 21 16:44:31 Removed unused net: MOTOR_PWM1
Fri Apr 21 16:44:31 Removed unused net: MOTOR_PWM0
Fri Apr 21 16:44:31 Removed unused net: MOTOR_DIR1
Fri Apr 21 16:44:31 Removed unused net: MOTOR_DIR0
Fri Apr 21 16:44:31 Removed unused net: JTAG_TMS
Fri Apr 21 16:44:31 Removed unused net: JTAG_TDO
Fri Apr 21 16:44:31 Removed unused net: JTAG_TDI
Fri Apr 21 16:44:31 Removed unused net: JTAG_TCK
Fri Apr 21 16:44:31 Removed unused net: JTAG_RESET
Fri Apr 21 16:44:31 Removed unused net: DIO13
Fri Apr 21 16:44:31 Removed unused net: DIO12
Fri Apr 21 16:44:31 Removed unused net: DIO11_MPWM1
Fri Apr 21 16:44:31 Removed unused net: DIO10
Fri Apr 21 16:44:31 Removed unused net: DIO9_MPWM0
Fri Apr 21 16:44:31 Removed unused net: DIO8
Fri Apr 21 16:44:31 Removed unused net: DIO7
Fri Apr 21 16:44:31 Removed unused net: DIO6
Fri Apr 21 16:44:31 Removed unused net: DIO3
Fri Apr 21 16:44:33 Removed unused footprint: PERICOM/QSOP/24_U5
Fri Apr 21 16:44:33 Removed unused footprint: SM/C_0402_C28
Fri Apr 21 16:44:33 Removed unused footprint: SM/C_0603_R37
Fri Apr 21 16:44:40 Saved as file ~undo.max
Fri Apr 21 16:49:25 Saved as file BACKUP1.MAX
Fri Apr 21 16:52:00 Saved as file BACKUP1.MAX
Fri Apr 21 16:52:00 Saved as file C:\PROJECTS\RAGOBOTS_HW\ROBOT\HW\NECK.DISPLAY\DESIGN\NECK_DISPLAY.MAX
Fri Apr 21 16:52:06 UserDiv from Layout.INI for AutoECO: 60
Fri Apr 21 16:52:06 Loaded file C:\PROJECTS\RAGOBOTS_HW\ROBOT\HW\NECK.DISPLAY\DESIGN\NECK_DISPLAY.MAX
Fri Apr 21 16:52:07 Loaded file T:\ORCAD_LIB\G_JMETRIC.LLB
Fri Apr 21 16:52:08 Loaded file T:\ORCAD_LIB\F_BCON100T.LLB
Fri Apr 21 16:52:09 Loaded file T:\ORCAD_LIB\F_BCON156T.LLB
Fri Apr 21 16:52:10 Loaded file T:\ORCAD_LIB\F_BGA.LLB
Fri Apr 21 16:52:11 Loaded file T:\ORCAD_LIB\F_CLCC.LLB
Fri Apr 21 16:52:12 Loaded file T:\ORCAD_LIB\F_DCON050T.LLB
Fri Apr 21 16:52:13 Loaded file T:\ORCAD_LIB\F_DCON085T.LLB
Fri Apr 21 16:52:14 Loaded file T:\ORCAD_LIB\F_DIMM050F.LLB
Fri Apr 21 16:52:15 Loaded file T:\ORCAD_LIB\F_DIMM050T.LLB
Fri Apr 21 16:52:16 Loaded file T:\ORCAD_LIB\F_DIN.LLB
Fri Apr 21 16:52:16 Loaded file T:\ORCAD_LIB\F_DIP100B.LLB
Fri Apr 21 16:52:17 Loaded file T:\ORCAD_LIB\F_DIP100T.LLB
Fri Apr 21 16:52:18 Loaded file T:\ORCAD_LIB\F_DSUBT.LLB
Fri Apr 21 16:52:19 Loaded file T:\ORCAD_LIB\F_DSUBT_HD.LLB
Fri Apr 21 16:52:20 Loaded file T:\ORCAD_LIB\F_ECON100T.LLB
Fri Apr 21 16:52:21 Loaded file T:\ORCAD_LIB\F_FBUS.LLB
Fri Apr 21 16:52:21 Loaded file T:\ORCAD_LIB\F_ISA.LLB
Fri Apr 21 16:52:21 Loaded file T:\ORCAD_LIB\F_JUMPER.LLB
Fri Apr 21 16:52:22 Loaded file T:\ORCAD_LIB\F_LCON100T.LLB
Fri Apr 21 16:52:22 Loaded file T:\ORCAD_LIB\F_PC104.LLB
Fri Apr 21 16:52:23 Loaded file T:\ORCAD_LIB\F_PCI.LLB
Fri Apr 21 16:52:24 Loaded file T:\ORCAD_LIB\F_PCON100T.LLB
Fri Apr 21 16:52:25 Loaded file T:\ORCAD_LIB\F_PCON156T.LLB
Fri Apr 21 16:52:26 Loaded file T:\ORCAD_LIB\F_PGA.LLB
Fri Apr 21 16:52:27 Loaded file T:\ORCAD_LIB\F_PLCC.LLB
Fri Apr 21 16:52:28 Loaded file T:\ORCAD_LIB\F_QUAD.LLB
Fri Apr 21 16:52:29 Loaded file T:\ORCAD_LIB\F_QUADB.LLB
Fri Apr 21 16:52:30 Loaded file T:\ORCAD_LIB\F_RELAY.LLB
Fri Apr 21 16:52:30 Loaded file T:\ORCAD_LIB\F_RF.LLB
Fri Apr 21 16:52:30 Loaded file T:\ORCAD_LIB\F_SBUS.LLB
Fri Apr 21 16:52:31 Loaded file T:\ORCAD_LIB\F_SIMM050F.LLB
Fri Apr 21 16:52:32 Loaded file T:\ORCAD_LIB\F_SIMM050T.LLB
Fri Apr 21 16:52:33 Loaded file T:\ORCAD_LIB\F_SIMM100F.LLB
Fri Apr 21 16:52:34 Loaded file T:\ORCAD_LIB\F_SIMM100T.LLB
Fri Apr 21 16:52:34 Loaded file T:\ORCAD_LIB\F_SIP.LLB
Fri Apr 21 16:52:35 Loaded file T:\ORCAD_LIB\F_SM.LLB
Fri Apr 21 16:52:36 Loaded file T:\ORCAD_LIB\F_SOG.LLB
Fri Apr 21 16:52:37 Loaded file T:\ORCAD_LIB\F_SOJ.LLB
Fri Apr 21 16:52:37 Loaded file T:\ORCAD_LIB\F_STIFF.LLB
Fri Apr 21 16:52:38 Loaded file T:\ORCAD_LIB\F_TELE.LLB
Fri Apr 21 16:52:39 Loaded file T:\ORCAD_LIB\F_TM_AXIAL.LLB
Fri Apr 21 16:52:40 Loaded file T:\ORCAD_LIB\F_TM_CAP_P.LLB
Fri Apr 21 16:52:41 Loaded file T:\ORCAD_LIB\F_TM_CYLND.LLB
Fri Apr 21 16:52:42 Loaded file T:\ORCAD_LIB\F_TM_DIODE.LLB
Fri Apr 21 16:52:43 Loaded file T:\ORCAD_LIB\F_TM_DISC.LLB
Fri Apr 21 16:52:44 Loaded file T:\ORCAD_LIB\F_TM_RAD.LLB
Fri Apr 21 16:52:45 Loaded file T:\ORCAD_LIB\F_TO.LLB
Fri Apr 21 16:52:46 Loaded file T:\ORCAD_LIB\F_VRES.LLB
Fri Apr 21 16:52:47 Loaded file T:\ORCAD_LIB\F_WCON100T.LLB
Fri Apr 21 16:52:47 Loaded file T:\ORCAD_LIB\F_XT.LLB
Fri Apr 21 16:52:47 Loaded file T:\ORCAD_LIB\F_ZIGZAG.LLB
Fri Apr 21 16:52:48 Loaded file T:\ORCAD_LIB\G_JFOOTPRINTS.LLB
Fri Apr 21 16:53:51 Saved as file C:\PROJECTS\RAGOBOTS_HW\ROBOT\HW\NECK.DISPLAY\DESIGN\NECK_DISPLAY-1.MAX
Fri Apr 21 16:53:51 Loaded file C:\PROJECTS\RAGOBOTS_HW\ROBOT\HW\NECK.DISPLAY\DESIGN\NECK_DISPLAY-1.MAX
Fri Apr 21 16:59:55 Saved as file BACKUP1.MAX
Fri Apr 21 17:10:25 Saved as file BACKUP1.MAX
Fri Apr 21 17:20:55 Saved as file BACKUP1.MAX
Fri Apr 21 17:31:25 Saved as file BACKUP1.MAX
Fri Apr 21 17:41:55 Saved as file BACKUP1.MAX
Fri Apr 21 17:52:25 Saved as file BACKUP1.MAX
Fri Apr 21 18:02:55 Saved as file BACKUP1.MAX
Fri Apr 21 18:13:25 Saved as file BACKUP1.MAX
Fri Apr 21 18:20:24 Saved as file ~undo.max
Fri Apr 21 18:21:52 Saved as file ~undo.max
Fri Apr 21 18:22:29 Saved as file ~undo.max
Fri Apr 21 18:23:47 Saved as file ~undo.max
Fri Apr 21 18:23:55 Saved as file BACKUP1.MAX
Fri Apr 21 18:24:26 Saved as file ~undo.max
Fri Apr 21 18:32:40 Saved as file C:\PROJECTS\RAGOBOTS_HW\ROBOT\HW\NECK.DISPLAY\DESIGN\NECK_DISPLAY-1.MAX
Fri Apr 21 18:34:25 Saved as file BACKUP1.MAX
Fri Apr 21 18:38:29 Saved as file C:\PROJECTS\RAGOBOTS_HW\ROBOT\HW\NECK.DISPLAY\DESIGN\NECK_DISPLAY-1.MAX
Fri Apr 21 18:40:05 Saved as file ~undo.max
Fri Apr 21 18:41:07 Saved as file C:\PROJECTS\RAGOBOTS_HW\ROBOT\HW\NECK.DISPLAY\DESIGN\NECK_DISPLAY-1.MAX
Fri Apr 21 18:44:55 Saved as file BACKUP1.MAX
Fri Apr 21 18:47:51 Saved as file ~undo.max
Fri Apr 21 18:48:48 Saved as file ~undo.max
Fri Apr 21 18:49:39 Saved as file C:\PROJECTS\RAGOBOTS_HW\ROBOT\HW\NECK.DISPLAY\DESIGN\NECK_DISPLAY-1.MAX
Fri Apr 21 18:53:18 Saved as file BACKUP1.MAX
Fri Apr 21 18:53:18 Saved as file C:\PROJECTS\RAGOBOTS_HW\ROBOT\HW\NECK.DISPLAY\DESIGN\NECK_DISPLAY-1.MAX
Fri Apr 21 18:53:19 UserDiv from Layout.INI for AutoECO: 60
Fri Apr 21 18:53:19 Loaded file C:\PROJECTS\RAGOBOTS_HW\ROBOT\HW\NECK.DISPLAY\DESIGN\NECK_DISPLAY-1.MAX
Fri Apr 21 18:53:20 Loaded file T:\ORCAD_LIB\G_JMETRIC.LLB
Fri Apr 21 18:53:21 Loaded file T:\ORCAD_LIB\F_BCON100T.LLB
Fri Apr 21 18:53:22 Loaded file T:\ORCAD_LIB\F_BCON156T.LLB
Fri Apr 21 18:53:23 Loaded file T:\ORCAD_LIB\F_BGA.LLB
Fri Apr 21 18:53:24 Loaded file T:\ORCAD_LIB\F_CLCC.LLB
Fri Apr 21 18:53:25 Loaded file T:\ORCAD_LIB\F_DCON050T.LLB
Fri Apr 21 18:53:25 Loaded file T:\ORCAD_LIB\F_DCON085T.LLB
Fri Apr 21 18:53:26 Loaded file T:\ORCAD_LIB\F_DIMM050F.LLB
Fri Apr 21 18:53:27 Loaded file T:\ORCAD_LIB\F_DIMM050T.LLB
Fri Apr 21 18:53:28 Loaded file T:\ORCAD_LIB\F_DIN.LLB
Fri Apr 21 18:53:28 Loaded file T:\ORCAD_LIB\F_DIP100B.LLB
Fri Apr 21 18:53:29 Loaded file T:\ORCAD_LIB\F_DIP100T.LLB
Fri Apr 21 18:53:29 Loaded file T:\ORCAD_LIB\F_DSUBT.LLB
Fri Apr 21 18:53:30 Loaded file T:\ORCAD_LIB\F_DSUBT_HD.LLB
Fri Apr 21 18:53:31 Loaded file T:\ORCAD_LIB\F_ECON100T.LLB
Fri Apr 21 18:53:32 Loaded file T:\ORCAD_LIB\F_FBUS.LLB
Fri Apr 21 18:53:32 Loaded file T:\ORCAD_LIB\F_ISA.LLB
Fri Apr 21 18:53:32 Loaded file T:\ORCAD_LIB\F_JUMPER.LLB
Fri Apr 21 18:53:33 Loaded file T:\ORCAD_LIB\F_LCON100T.LLB
Fri Apr 21 18:53:33 Loaded file T:\ORCAD_LIB\F_PC104.LLB
Fri Apr 21 18:53:33 Loaded file T:\ORCAD_LIB\F_PCI.LLB
Fri Apr 21 18:53:34 Loaded file T:\ORCAD_LIB\F_PCON100T.LLB
Fri Apr 21 18:53:34 Loaded file T:\ORCAD_LIB\F_PCON156T.LLB
Fri Apr 21 18:53:35 Loaded file T:\ORCAD_LIB\F_PGA.LLB
Fri Apr 21 18:53:36 Loaded file T:\ORCAD_LIB\F_PLCC.LLB
Fri Apr 21 18:53:37 Loaded file T:\ORCAD_LIB\F_QUAD.LLB
Fri Apr 21 18:53:38 Loaded file T:\ORCAD_LIB\F_QUADB.LLB
Fri Apr 21 18:53:39 Loaded file T:\ORCAD_LIB\F_RELAY.LLB
Fri Apr 21 18:53:39 Loaded file T:\ORCAD_LIB\F_RF.LLB
Fri Apr 21 18:53:39 Loaded file T:\ORCAD_LIB\F_SBUS.LLB
Fri Apr 21 18:53:39 Loaded file T:\ORCAD_LIB\F_SIMM050F.LLB
Fri Apr 21 18:53:40 Loaded file T:\ORCAD_LIB\F_SIMM050T.LLB
Fri Apr 21 18:53:40 Loaded file T:\ORCAD_LIB\F_SIMM100F.LLB
Fri Apr 21 18:53:41 Loaded file T:\ORCAD_LIB\F_SIMM100T.LLB
Fri Apr 21 18:53:42 Loaded file T:\ORCAD_LIB\F_SIP.LLB
Fri Apr 21 18:53:43 Loaded file T:\ORCAD_LIB\F_SM.LLB
Fri Apr 21 18:53:44 Loaded file T:\ORCAD_LIB\F_SOG.LLB
Fri Apr 21 18:53:45 Loaded file T:\ORCAD_LIB\F_SOJ.LLB
Fri Apr 21 18:53:45 Loaded file T:\ORCAD_LIB\F_STIFF.LLB
Fri Apr 21 18:53:46 Loaded file T:\ORCAD_LIB\F_TELE.LLB
Fri Apr 21 18:53:46 Loaded file T:\ORCAD_LIB\F_TM_AXIAL.LLB
Fri Apr 21 18:53:47 Loaded file T:\ORCAD_LIB\F_TM_CAP_P.LLB
Fri Apr 21 18:53:48 Loaded file T:\ORCAD_LIB\F_TM_CYLND.LLB
Fri Apr 21 18:53:49 Loaded file T:\ORCAD_LIB\F_TM_DIODE.LLB
Fri Apr 21 18:53:50 Loaded file T:\ORCAD_LIB\F_TM_DISC.LLB
Fri Apr 21 18:53:51 Loaded file T:\ORCAD_LIB\F_TM_RAD.LLB
Fri Apr 21 18:53:52 Loaded file T:\ORCAD_LIB\F_TO.LLB
Fri Apr 21 18:53:53 Loaded file T:\ORCAD_LIB\F_VRES.LLB
Fri Apr 21 18:53:54 Loaded file T:\ORCAD_LIB\F_WCON100T.LLB
Fri Apr 21 18:53:54 Loaded file T:\ORCAD_LIB\F_XT.LLB
Fri Apr 21 18:53:54 Loaded file T:\ORCAD_LIB\F_ZIGZAG.LLB
Fri Apr 21 18:53:55 Loaded file T:\ORCAD_LIB\G_JFOOTPRINTS.LLB
Fri Apr 21 18:54:02 Saved as file C:\PROJECTS\RAGOBOTS_HW\ROBOT\HW\NECK.DISPLAY\DESIGN\NECK_DISPLAY-2.MAX
Fri Apr 21 18:54:02 Loaded file C:\PROJECTS\RAGOBOTS_HW\ROBOT\HW\NECK.DISPLAY\DESIGN\NECK_DISPLAY-2.MAX
Fri Apr 21 18:55:14 Saved as file ~undo.max
Fri Apr 21 18:55:25 Saved as file BACKUP1.MAX
Fri Apr 21 18:57:01 Saved as file ~undo.max
Fri Apr 21 18:57:54 Saved as file ~undo.max
Fri Apr 21 19:01:26 Saved as file ~undo.max
Fri Apr 21 19:05:55 Saved as file BACKUP1.MAX
Fri Apr 21 19:16:55 Saved as file BACKUP1.MAX
Fri Apr 21 19:17:49 Saved as file ~undo.max
Fri Apr 21 19:18:20 Saved as file ~undo.max
Fri Apr 21 19:19:55 Saved as file ~undo.max
Fri Apr 21 19:22:41 Saved as file ~undo.max
Fri Apr 21 19:28:25 Saved as file BACKUP1.MAX
Fri Apr 21 19:38:55 Saved as file BACKUP1.MAX
Fri Apr 21 19:49:25 Saved as file BACKUP1.MAX
Fri Apr 21 19:59:55 Saved as file BACKUP1.MAX
Fri Apr 21 20:10:25 Saved as file BACKUP1.MAX
Fri Apr 21 20:19:57 Saved as file ~undo.max
Fri Apr 21 20:20:19 Saved as file ~undo.max
Fri Apr 21 20:20:55 Saved as file BACKUP1.MAX
Fri Apr 21 20:31:25 Saved as file BACKUP1.MAX
Fri Apr 21 20:41:55 Saved as file BACKUP1.MAX
Fri Apr 21 20:52:25 Saved as file BACKUP1.MAX
Fri Apr 21 21:02:55 Saved as file BACKUP1.MAX
Fri Apr 21 21:07:52 Saved as file C:\PROJECTS\RAGOBOTS_HW\ROBOT\HW\NECK.DISPLAY\DESIGN\NECK_DISPLAY-2.MAX
Wed Apr 26 18:14:32 Saved as file BACKUP1.MAX
Wed Apr 26 18:21:23 Error code 0034.912 (266)
Wed Apr 26 18:21:23 Saved as file Backup0.max
Wed Apr 26 18:21:23 Windows which were open at time of error:
Wed Apr 26 18:21:23 	ActiveWindow: &Route
Wed Apr 26 18:21:23 	Icon: &Components
Wed Apr 26 18:21:23 	Icon: &Nets
Wed Apr 26 18:21:23 	Icon: Post Proces&s
Wed Apr 26 18:21:23 End-of-list
Wed Apr 26 18:21:23 Error code 0034.912 (266)
Thu Apr 27 12:24:01 Loaded file T:\ORCAD_LIB\F_SM.LLB
Mon May 01 16:42:54 Saved as file BACKUP1.MAX
Mon May 01 16:42:54 Saved as file C:\PROJECTS\RAGOBOTS_HW\ROBOT\HW\NECK.DISPLAY\DESIGN\NECK_DISPLAY-2.MAX
Mon May 01 16:42:59 UserDiv from Layout.INI for AutoECO: 60
Mon May 01 16:42:59 Loaded file C:\PROJECTS\RAGOBOTS_HW\ROBOT\HW\NECK.DISPLAY\DESIGN\NECK_DISPLAY-2.MAX
Mon May 01 16:43:00 Loaded file T:\ORCAD_LIB\G_JMETRIC.LLB
Mon May 01 16:43:01 Loaded file T:\ORCAD_LIB\F_BCON100T.LLB
Mon May 01 16:43:02 Loaded file T:\ORCAD_LIB\F_BCON156T.LLB
Mon May 01 16:43:03 Loaded file T:\ORCAD_LIB\F_BGA.LLB
Mon May 01 16:43:04 Loaded file T:\ORCAD_LIB\F_CLCC.LLB
Mon May 01 16:43:05 Loaded file T:\ORCAD_LIB\F_DCON050T.LLB
Mon May 01 16:43:06 Loaded file T:\ORCAD_LIB\F_DCON085T.LLB
Mon May 01 16:43:07 Loaded file T:\ORCAD_LIB\F_DIMM050F.LLB
Mon May 01 16:43:08 Loaded file T:\ORCAD_LIB\F_DIMM050T.LLB
Mon May 01 16:43:08 Loaded file T:\ORCAD_LIB\F_DIN.LLB
Mon May 01 16:43:08 Loaded file T:\ORCAD_LIB\F_DIP100B.LLB
Mon May 01 16:43:09 Loaded file T:\ORCAD_LIB\F_DIP100T.LLB
Mon May 01 16:43:10 Loaded file T:\ORCAD_LIB\F_DSUBT.LLB
Mon May 01 16:43:10 Loaded file T:\ORCAD_LIB\F_DSUBT_HD.LLB
Mon May 01 16:43:11 Loaded file T:\ORCAD_LIB\F_ECON100T.LLB
Mon May 01 16:43:12 Loaded file T:\ORCAD_LIB\F_FBUS.LLB
Mon May 01 16:43:12 Loaded file T:\ORCAD_LIB\F_ISA.LLB
Mon May 01 16:43:12 Loaded file T:\ORCAD_LIB\F_JUMPER.LLB
Mon May 01 16:43:13 Loaded file T:\ORCAD_LIB\F_LCON100T.LLB
Mon May 01 16:43:13 Loaded file T:\ORCAD_LIB\F_PC104.LLB
Mon May 01 16:43:13 Loaded file T:\ORCAD_LIB\F_PCI.LLB
Mon May 01 16:43:14 Loaded file T:\ORCAD_LIB\F_PCON100T.LLB
Mon May 01 16:43:15 Loaded file T:\ORCAD_LIB\F_PCON156T.LLB
Mon May 01 16:43:16 Loaded file T:\ORCAD_LIB\F_PGA.LLB
Mon May 01 16:43:17 Loaded file T:\ORCAD_LIB\F_PLCC.LLB
Mon May 01 16:43:18 Loaded file T:\ORCAD_LIB\F_QUAD.LLB
Mon May 01 16:43:19 Loaded file T:\ORCAD_LIB\F_QUADB.LLB
Mon May 01 16:43:20 Loaded file T:\ORCAD_LIB\F_RELAY.LLB
Mon May 01 16:43:20 Loaded file T:\ORCAD_LIB\F_RF.LLB
Mon May 01 16:43:20 Loaded file T:\ORCAD_LIB\F_SBUS.LLB
Mon May 01 16:43:21 Loaded file T:\ORCAD_LIB\F_SIMM050F.LLB
Mon May 01 16:43:22 Loaded file T:\ORCAD_LIB\F_SIMM050T.LLB
Mon May 01 16:43:23 Loaded file T:\ORCAD_LIB\F_SIMM100F.LLB
Mon May 01 16:43:24 Loaded file T:\ORCAD_LIB\F_SIMM100T.LLB
Mon May 01 16:43:24 Loaded file T:\ORCAD_LIB\F_SIP.LLB
Mon May 01 16:43:25 Loaded file T:\ORCAD_LIB\F_SM.LLB
Mon May 01 16:43:26 Loaded file T:\ORCAD_LIB\F_SOG.LLB
Mon May 01 16:43:27 Loaded file T:\ORCAD_LIB\F_SOJ.LLB
Mon May 01 16:43:27 Loaded file T:\ORCAD_LIB\F_STIFF.LLB
Mon May 01 16:43:28 Loaded file T:\ORCAD_LIB\F_TELE.LLB
Mon May 01 16:43:29 Loaded file T:\ORCAD_LIB\F_TM_AXIAL.LLB
Mon May 01 16:43:30 Loaded file T:\ORCAD_LIB\F_TM_CAP_P.LLB
Mon May 01 16:43:31 Loaded file T:\ORCAD_LIB\F_TM_CYLND.LLB
Mon May 01 16:43:32 Loaded file T:\ORCAD_LIB\F_TM_DIODE.LLB
Mon May 01 16:43:33 Loaded file T:\ORCAD_LIB\F_TM_DISC.LLB
Mon May 01 16:43:34 Loaded file T:\ORCAD_LIB\F_TM_RAD.LLB
Mon May 01 16:43:35 Loaded file T:\ORCAD_LIB\F_TO.LLB
Mon May 01 16:43:36 Loaded file T:\ORCAD_LIB\F_VRES.LLB
Mon May 01 16:43:37 Loaded file T:\ORCAD_LIB\F_WCON100T.LLB
Mon May 01 16:43:37 Loaded file T:\ORCAD_LIB\F_XT.LLB
Mon May 01 16:43:37 Loaded file T:\ORCAD_LIB\F_ZIGZAG.LLB
Mon May 01 16:43:38 Loaded file T:\ORCAD_LIB\G_JFOOTPRINTS.LLB
Mon May 01 16:44:10 Saved as file C:\PROJECTS\RAGOBOTS_HW\ROBOT\HW\NECK.DISPLAY\DESIGN\NECK_DISPLAY-3.MAX
Mon May 01 16:44:10 Loaded file C:\PROJECTS\RAGOBOTS_HW\ROBOT\HW\NECK.DISPLAY\DESIGN\NECK_DISPLAY-3.MAX
Mon May 01 16:44:18 Saved as file ~undo.max
Mon May 01 16:44:26 Saved as file ~undo.max
Mon May 01 16:44:28 Saved as file ~undo.max
Mon May 01 16:45:34 Saved as file ~undo.max
Mon May 01 16:50:50 Saved as file ~undo.max
Mon May 01 16:53:43 Saved as file BACKUP1.MAX
Mon May 01 17:01:24 Saved as file ~undo.max
Mon May 01 17:03:09 Saved as file ~undo.max
Mon May 01 17:04:09 Saved as file ~undo.max
Mon May 01 17:04:43 Saved as file BACKUP1.MAX
Mon May 01 17:05:09 Saved as file ~undo.max
Mon May 01 17:05:27 Saved as file ~undo.max
Mon May 01 17:05:46 Saved as file ~undo.max
Mon May 01 17:06:08 Saved as file ~undo.max
Mon May 01 17:10:38 Saved as file ~undo.max
Mon May 01 17:11:00 Saved as file ~undo.max
Mon May 01 17:11:08 Saved as file ~undo.max
Mon May 01 17:15:13 Saved as file BACKUP1.MAX
Mon May 01 17:24:16 Saved as file ~undo.max
Mon May 01 17:25:38 Saved as file ~undo.max
Mon May 01 17:25:43 Saved as file BACKUP1.MAX
Mon May 01 17:28:51 Saved as file ~undo.max
Mon May 01 17:29:40 Saved as file ~undo.max
Mon May 01 17:30:19 Saved as file ~undo.max
Mon May 01 17:30:34 Saved as file ~undo.max
Mon May 01 17:31:04 Saved as file ~undo.max
Mon May 01 17:32:15 Saved as file ~undo.max
Mon May 01 17:32:35 Saved as file C:\PROJECTS\RAGOBOTS_HW\ROBOT\HW\NECK.DISPLAY\DESIGN\NECK_DISPLAY-3.MAX
Mon May 01 17:36:13 Saved as file BACKUP1.MAX
Mon May 01 17:46:43 Saved as file BACKUP1.MAX
Mon May 01 17:50:56 Saved as file ~undo.max
Mon May 01 17:51:18 Saved as file ~undo.max
Mon May 01 17:51:38 Saved as file C:\PROJECTS\RAGOBOTS_HW\ROBOT\HW\NECK.DISPLAY\DESIGN\NECK_DISPLAY-3.MAX
Mon May 01 17:57:13 Saved as file BACKUP1.MAX
Mon May 01 18:04:08 Saved as file ~undo.max
Mon May 01 18:04:18 Saved as file ~undo.max
Mon May 01 18:04:34 Saved as file ~undo.max
Mon May 01 18:05:38 Saved as file ~undo.max
Mon May 01 18:06:08 Saved as file ~undo.max
Mon May 01 18:07:43 Saved as file ~undo.max
Mon May 01 18:07:44 Saved as file BACKUP1.MAX
Mon May 01 18:08:15 Saved as file ~undo.max
Mon May 01 18:09:50 Saved as file ~undo.max
Mon May 01 18:10:06 Saved as file ~undo.max
Mon May 01 18:10:17 Saved as file ~undo.max
Mon May 01 18:10:35 Saved as file C:\PROJECTS\RAGOBOTS_HW\ROBOT\HW\NECK.DISPLAY\DESIGN\NECK_DISPLAY-3.MAX
Mon May 01 18:16:41 Saved as file ~undo.max
Mon May 01 18:18:13 Saved as file BACKUP1.MAX
Mon May 01 18:23:49 Saved as file ~undo.max
Mon May 01 18:24:59 Saved as file ~undo.max
Mon May 01 18:28:43 Saved as file BACKUP1.MAX
Mon May 01 18:31:49 Saved as file ~undo.max
Mon May 01 18:33:44 Saved as file ~undo.max
Mon May 01 18:34:43 Saved as file ~undo.max
Mon May 01 18:35:50 Saved as file ~undo.max
Mon May 01 18:36:29 Saved as file C:\PROJECTS\RAGOBOTS_HW\ROBOT\HW\NECK.DISPLAY\DESIGN\NECK_DISPLAY-3.MAX
Mon May 01 18:37:32 Saved as file ~undo.max
Mon May 01 18:37:38 Saved as file C:\PROJECTS\RAGOBOTS_HW\ROBOT\HW\NECK.DISPLAY\DESIGN\NECK_DISPLAY-3.MAX
Mon May 01 18:38:14 Saved as file ~undo.max
Mon May 01 18:38:23 Saved as file ~undo.max
Mon May 01 18:38:59 Saved as file ~undo.max
Mon May 01 18:39:13 Saved as file BACKUP1.MAX
Mon May 01 18:39:41 Saved as file ~undo.max
Mon May 01 18:41:56 Saved as file C:\PROJECTS\RAGOBOTS_HW\ROBOT\HW\NECK.DISPLAY\DESIGN\NECK_DISPLAY-3.MAX
Mon May 01 18:46:32 Saved as file ~undo.max
Mon May 01 18:49:43 Saved as file BACKUP1.MAX
Mon May 01 18:55:23 Saved as file C:\PROJECTS\RAGOBOTS_HW\ROBOT\HW\NECK.DISPLAY\DESIGN\NECK_DISPLAY-3.MAX
Mon May 01 18:58:29 Saved as file C:\PROJECTS\RAGOBOTS_HW\ROBOT\HW\NECK.DISPLAY\DESIGN\NECK_DISPLAY-3.MAX
Mon May 01 19:00:10 Saved as file BACKUP1.MAX
Mon May 01 19:07:56 Loaded file C:\Cadence\PSD_15.1\tools\Layout_Plus\data\template.imp
Mon May 01 19:07:56 Loaded file C:\Cadence\PSD_15.1\tools\Layout_Plus\data\template.imp
Mon May 01 19:07:57 Loaded file T:\ORCAD_LIB\G_JMETRIC.LLB
Mon May 01 19:08:07 Saved as file ~undo.max
Mon May 01 19:10:40 Saved as file BACKUP1.MAX
Mon May 01 19:20:11 Saved as file C:\PROJECTS\RAGOBOTS_HW\ROBOT\HW\NECK.DISPLAY\DESIGN\NECK_DISPLAY-3.MAX
Mon May 01 19:20:13 Saved as file C:\PROJECTS\RAGOBOTS_HW\ROBOT\HW\NECK.DISPLAY\DESIGN\NECK_DISPLAY-3.MAX
Mon May 01 19:20:18 Saved as file BACKUP1.MAX
Mon May 01 19:20:18 Saved as file C:\PROJECTS\RAGOBOTS_HW\ROBOT\HW\NECK.DISPLAY\DESIGN\NECK_DISPLAY-3.MAX
Mon May 01 19:20:21 UserDiv from Layout.INI for AutoECO: 60
Mon May 01 19:20:21 Loaded file C:\PROJECTS\RAGOBOTS_HW\ROBOT\HW\NECK.DISPLAY\DESIGN\NECK_DISPLAY-3.MAX
Mon May 01 19:20:22 Loaded file T:\ORCAD_LIB\G_JMETRIC.LLB
Mon May 01 19:20:23 Loaded file T:\ORCAD_LIB\F_BCON100T.LLB
Mon May 01 19:20:24 Loaded file T:\ORCAD_LIB\F_BCON156T.LLB
Mon May 01 19:20:25 Loaded file T:\ORCAD_LIB\F_BGA.LLB
Mon May 01 19:20:26 Loaded file T:\ORCAD_LIB\F_CLCC.LLB
Mon May 01 19:20:27 Loaded file T:\ORCAD_LIB\F_DCON050T.LLB
Mon May 01 19:20:28 Loaded file T:\ORCAD_LIB\F_DCON085T.LLB
Mon May 01 19:20:29 Loaded file T:\ORCAD_LIB\F_DIMM050F.LLB
Mon May 01 19:20:30 Loaded file T:\ORCAD_LIB\F_DIMM050T.LLB
Mon May 01 19:20:31 Loaded file T:\ORCAD_LIB\F_DIN.LLB
Mon May 01 19:20:31 Loaded file T:\ORCAD_LIB\F_DIP100B.LLB
Mon May 01 19:20:32 Loaded file T:\ORCAD_LIB\F_DIP100T.LLB
Mon May 01 19:20:33 Loaded file T:\ORCAD_LIB\F_DSUBT.LLB
Mon May 01 19:20:33 Loaded file T:\ORCAD_LIB\F_DSUBT_HD.LLB
Mon May 01 19:20:34 Loaded file T:\ORCAD_LIB\F_ECON100T.LLB
Mon May 01 19:20:35 Loaded file T:\ORCAD_LIB\F_FBUS.LLB
Mon May 01 19:20:35 Loaded file T:\ORCAD_LIB\F_ISA.LLB
Mon May 01 19:20:35 Loaded file T:\ORCAD_LIB\F_JUMPER.LLB
Mon May 01 19:20:36 Loaded file T:\ORCAD_LIB\F_LCON100T.LLB
Mon May 01 19:20:36 Loaded file T:\ORCAD_LIB\F_PC104.LLB
Mon May 01 19:20:37 Loaded file T:\ORCAD_LIB\F_PCI.LLB
Mon May 01 19:20:38 Loaded file T:\ORCAD_LIB\F_PCON100T.LLB
Mon May 01 19:20:39 Loaded file T:\ORCAD_LIB\F_PCON156T.LLB
Mon May 01 19:20:40 Loaded file T:\ORCAD_LIB\F_PGA.LLB
Mon May 01 19:20:41 Loaded file T:\ORCAD_LIB\F_PLCC.LLB
Mon May 01 19:20:42 Loaded file T:\ORCAD_LIB\F_QUAD.LLB
Mon May 01 19:20:43 Loaded file T:\ORCAD_LIB\F_QUADB.LLB
Mon May 01 19:20:44 Loaded file T:\ORCAD_LIB\F_RELAY.LLB
Mon May 01 19:20:44 Loaded file T:\ORCAD_LIB\F_RF.LLB
Mon May 01 19:20:44 Loaded file T:\ORCAD_LIB\F_SBUS.LLB
Mon May 01 19:20:44 Loaded file T:\ORCAD_LIB\F_SIMM050F.LLB
Mon May 01 19:20:45 Loaded file T:\ORCAD_LIB\F_SIMM050T.LLB
Mon May 01 19:20:46 Loaded file T:\ORCAD_LIB\F_SIMM100F.LLB
Mon May 01 19:20:47 Loaded file T:\ORCAD_LIB\F_SIMM100T.LLB
Mon May 01 19:20:47 Loaded file T:\ORCAD_LIB\F_SIP.LLB
Mon May 01 19:20:48 Loaded file T:\ORCAD_LIB\F_SM.LLB
Mon May 01 19:20:49 Loaded file T:\ORCAD_LIB\F_SOG.LLB
Mon May 01 19:20:50 Loaded file T:\ORCAD_LIB\F_SOJ.LLB
Mon May 01 19:20:50 Loaded file T:\ORCAD_LIB\F_STIFF.LLB
Mon May 01 19:20:51 Loaded file T:\ORCAD_LIB\F_TELE.LLB
Mon May 01 19:20:52 Loaded file T:\ORCAD_LIB\F_TM_AXIAL.LLB
Mon May 01 19:20:53 Loaded file T:\ORCAD_LIB\F_TM_CAP_P.LLB
Mon May 01 19:20:54 Loaded file T:\ORCAD_LIB\F_TM_CYLND.LLB
Mon May 01 19:20:55 Loaded file T:\ORCAD_LIB\F_TM_DIODE.LLB
Mon May 01 19:20:56 Loaded file T:\ORCAD_LIB\F_TM_DISC.LLB
Mon May 01 19:20:57 Loaded file T:\ORCAD_LIB\F_TM_RAD.LLB
Mon May 01 19:20:58 Loaded file T:\ORCAD_LIB\F_TO.LLB
Mon May 01 19:20:59 Loaded file T:\ORCAD_LIB\F_VRES.LLB
Mon May 01 19:21:00 Loaded file T:\ORCAD_LIB\F_WCON100T.LLB
Mon May 01 19:21:00 Loaded file T:\ORCAD_LIB\F_XT.LLB
Mon May 01 19:21:00 Loaded file T:\ORCAD_LIB\F_ZIGZAG.LLB
Mon May 01 19:21:01 Loaded file T:\ORCAD_LIB\G_JFOOTPRINTS.LLB
Mon May 01 19:21:09 Saved as file C:\PROJECTS\RAGOBOTS_HW\ROBOT\HW\NECK.DISPLAY\DESIGN\NECK_DISPLAY-4.MAX
Mon May 01 19:21:09 Loaded file C:\PROJECTS\RAGOBOTS_HW\ROBOT\HW\NECK.DISPLAY\DESIGN\NECK_DISPLAY-4.MAX
Mon May 01 19:21:10 Saved as file BACKUP1.MAX
Mon May 01 19:21:13 Saved as file ~undo.max
Mon May 01 19:27:52 Saved as file C:\PROJECTS\RAGOBOTS_HW\ROBOT\HW\NECK.DISPLAY\DESIGN\NECK_DISPLAY-4.MAX
Mon May 01 19:31:40 Saved as file BACKUP1.MAX
Mon May 01 19:31:45 Saved as file C:\PROJECTS\RAGOBOTS_HW\ROBOT\HW\NECK.DISPLAY\DESIGN\NECK_DISPLAY-4.MAX
Mon May 01 19:33:10 Saved as file C:\PROJECTS\RAGOBOTS_HW\ROBOT\HW\NECK.DISPLAY\DESIGN\NECK_DISPLAY-4.MAX
Mon May 01 19:42:10 Saved as file BACKUP1.MAX
Mon May 01 19:52:40 Saved as file BACKUP1.MAX
Mon May 01 20:03:10 Saved as file BACKUP1.MAX
Mon May 01 20:10:10 Error code 0034.912 (266)
Mon May 01 20:10:10 Saved as file Backup0.max
Mon May 01 20:10:10 Windows which were open at time of error:
Mon May 01 20:10:10 	ActiveWindow: &Design
Mon May 01 20:10:10 	Icon: &Components
Mon May 01 20:10:10 	Icon: Post Proces&s
Mon May 01 20:10:10 	Icon: &Nets
Mon May 01 20:10:10 End-of-list
Mon May 01 20:10:11 Error code 0034.912 (266)
Mon May 01 22:36:36 Saved as file BACKUP1.MAX
Mon May 01 22:47:06 Saved as file BACKUP1.MAX
Mon May 01 22:58:36 Saved as file BACKUP1.MAX
Mon May 01 22:58:51 Saved as file C:\PROJECTS\RAGOBOTS_HW\ROBOT\HW\NECK.DISPLAY\DESIGN\NECK_DISPLAY-4.MAX
Mon May 01 22:59:06 Saved as file C:\PROJECTS\RAGOBOTS_HW\ROBOT\HW\NECK.DISPLAY\DESIGN\NECK_DISPLAY-4.MAX
Mon May 01 22:59:42 Saved as file C:\PROJECTS\RAGOBOTS_HW\ROBOT\HW\NECK.DISPLAY\DESIGN\NECK_DISPLAY-4.MAX
Mon May 01 23:03:42 Saved as file C:\PROJECTS\RAGOBOTS_HW\ROBOT\HW\NECK.DISPLAY\DESIGN\NECK_DISPLAY-4.MAX
Mon May 01 23:03:53 Saved as file C:\PROJECTS\RAGOBOTS_HW\ROBOT\HW\NECK.DISPLAY\DESIGN\NECK_DISPLAY-4.MAX
Mon May 01 23:09:06 Saved as file BACKUP1.MAX
Mon May 01 23:15:22 Saved as file C:\PROJECTS\RAGOBOTS_HW\ROBOT\HW\NECK.DISPLAY\DESIGN\NECK_DISPLAY-4.MAX
Tue May 02 19:35:44 Loaded file T:\ORCAD_LIB\G_JFOOTPRINTS.LLB
Tue May 02 19:35:45 Loaded file T:\ORCAD_LIB\G_JMETRIC.LLB
Tue May 02 19:35:54 Loaded file T:\ORCAD_LIB\G_JFOOTPRINTS.LLB
Tue May 02 19:41:09 Loaded file C:\Cadence\PSD_15.1\tools\Layout_Plus\data\template.imp
Tue May 02 19:41:09 Loaded file C:\Cadence\PSD_15.1\tools\Layout_Plus\data\template.imp
Tue May 02 19:41:09 Loaded file C:\Cadence\PSD_15.1\tools\Layout_Plus\data\template.imp
Tue May 02 19:41:09 Loaded file C:\Cadence\PSD_15.1\tools\Layout_Plus\data\template.imp
Tue May 02 19:41:11 Loaded file T:\ORCAD_LIB\G_JMETRIC.LLB
Tue May 02 19:41:14 Loaded file T:\ORCAD_LIB\G_JFOOTPRINTS.LLB
Tue May 02 19:41:18 Loaded file C:\Cadence\PSD_15.1\tools\Layout_Plus\data\template.imp
Tue May 02 19:41:37 Saved as file BACKUP1.MAX
Tue May 02 19:41:37 Saved as file C:\PROJECTS\RAGOBOTS_HW\ROBOT\HW\NECK.DISPLAY\DESIGN\NECK_DISPLAY-4.MAX
Tue May 02 19:41:41 UserDiv from Layout.INI for AutoECO: 60
Tue May 02 19:41:41 Loaded file C:\PROJECTS\RAGOBOTS_HW\ROBOT\HW\NECK.DISPLAY\DESIGN\NECK_DISPLAY-4.MAX
Tue May 02 19:41:42 Loaded file T:\ORCAD_LIB\G_JMETRIC.LLB
Tue May 02 19:41:43 Loaded file T:\ORCAD_LIB\F_BCON100T.LLB
Tue May 02 19:41:44 Loaded file T:\ORCAD_LIB\F_BCON156T.LLB
Tue May 02 19:41:45 Loaded file T:\ORCAD_LIB\F_BGA.LLB
Tue May 02 19:41:46 Loaded file T:\ORCAD_LIB\F_CLCC.LLB
Tue May 02 19:41:47 Loaded file T:\ORCAD_LIB\F_DCON050T.LLB
Tue May 02 19:41:48 Loaded file T:\ORCAD_LIB\F_DCON085T.LLB
Tue May 02 19:41:49 Loaded file T:\ORCAD_LIB\F_DIMM050F.LLB
Tue May 02 19:41:50 Loaded file T:\ORCAD_LIB\F_DIMM050T.LLB
Tue May 02 19:41:51 Loaded file T:\ORCAD_LIB\F_DIN.LLB
Tue May 02 19:41:51 Loaded file T:\ORCAD_LIB\F_DIP100B.LLB
Tue May 02 19:41:52 Loaded file T:\ORCAD_LIB\F_DIP100T.LLB
Tue May 02 19:41:53 Loaded file T:\ORCAD_LIB\F_DSUBT.LLB
Tue May 02 19:41:54 Loaded file T:\ORCAD_LIB\F_DSUBT_HD.LLB
Tue May 02 19:41:55 Loaded file T:\ORCAD_LIB\F_ECON100T.LLB
Tue May 02 19:41:56 Loaded file T:\ORCAD_LIB\F_FBUS.LLB
Tue May 02 19:41:56 Loaded file T:\ORCAD_LIB\F_ISA.LLB
Tue May 02 19:41:56 Loaded file T:\ORCAD_LIB\F_JUMPER.LLB
Tue May 02 19:41:57 Loaded file T:\ORCAD_LIB\F_LCON100T.LLB
Tue May 02 19:41:57 Loaded file T:\ORCAD_LIB\F_PC104.LLB
Tue May 02 19:41:57 Loaded file T:\ORCAD_LIB\F_PCI.LLB
Tue May 02 19:41:58 Loaded file T:\ORCAD_LIB\F_PCON100T.LLB
Tue May 02 19:41:58 Loaded file T:\ORCAD_LIB\F_PCON156T.LLB
Tue May 02 19:41:59 Loaded file T:\ORCAD_LIB\F_PGA.LLB
Tue May 02 19:42:00 Loaded file T:\ORCAD_LIB\F_PLCC.LLB
Tue May 02 19:42:01 Loaded file T:\ORCAD_LIB\F_QUAD.LLB
Tue May 02 19:42:02 Loaded file T:\ORCAD_LIB\F_QUADB.LLB
Tue May 02 19:42:03 Loaded file T:\ORCAD_LIB\F_RELAY.LLB
Tue May 02 19:42:03 Loaded file T:\ORCAD_LIB\F_RF.LLB
Tue May 02 19:42:03 Loaded file T:\ORCAD_LIB\F_SBUS.LLB
Tue May 02 19:42:04 Loaded file T:\ORCAD_LIB\F_SIMM050F.LLB
Tue May 02 19:42:05 Loaded file T:\ORCAD_LIB\F_SIMM050T.LLB
Tue May 02 19:42:06 Loaded file T:\ORCAD_LIB\F_SIMM100F.LLB
Tue May 02 19:42:07 Loaded file T:\ORCAD_LIB\F_SIMM100T.LLB
Tue May 02 19:42:08 Loaded file T:\ORCAD_LIB\F_SIP.LLB
Tue May 02 19:42:09 Loaded file T:\ORCAD_LIB\F_SM.LLB
Tue May 02 19:42:10 Loaded file T:\ORCAD_LIB\F_SOG.LLB
Tue May 02 19:42:11 Loaded file T:\ORCAD_LIB\F_SOJ.LLB
Tue May 02 19:42:11 Loaded file T:\ORCAD_LIB\F_STIFF.LLB
Tue May 02 19:42:12 Loaded file T:\ORCAD_LIB\F_TELE.LLB
Tue May 02 19:42:13 Loaded file T:\ORCAD_LIB\F_TM_AXIAL.LLB
Tue May 02 19:42:14 Loaded file T:\ORCAD_LIB\F_TM_CAP_P.LLB
Tue May 02 19:42:15 Loaded file T:\ORCAD_LIB\F_TM_CYLND.LLB
Tue May 02 19:42:16 Loaded file T:\ORCAD_LIB\F_TM_DIODE.LLB
Tue May 02 19:42:16 Loaded file T:\ORCAD_LIB\F_TM_DISC.LLB
Tue May 02 19:42:17 Loaded file T:\ORCAD_LIB\F_TM_RAD.LLB
Tue May 02 19:42:18 Loaded file T:\ORCAD_LIB\F_TO.LLB
Tue May 02 19:42:19 Loaded file T:\ORCAD_LIB\F_VRES.LLB
Tue May 02 19:42:20 Loaded file T:\ORCAD_LIB\F_WCON100T.LLB
Tue May 02 19:42:20 Loaded file T:\ORCAD_LIB\F_XT.LLB
Tue May 02 19:42:20 Loaded file T:\ORCAD_LIB\F_ZIGZAG.LLB
Tue May 02 19:42:21 Loaded file T:\ORCAD_LIB\G_JFOOTPRINTS.LLB
Tue May 02 19:42:27 Saved as file C:\PROJECTS\RAGOBOTS_HW\ROBOT\HW\NECK.DISPLAY\DESIGN\NECK_DISPLAY-5.MAX
Tue May 02 19:42:27 Loaded file C:\PROJECTS\RAGOBOTS_HW\ROBOT\HW\NECK.DISPLAY\DESIGN\NECK_DISPLAY-5.MAX
Tue May 02 19:49:56 Saved as file BACKUP1.MAX
Tue May 02 19:51:13 Saved as file ~undo.max
Tue May 02 19:52:31 Saved as file C:\PROJECTS\RAGOBOTS_HW\ROBOT\HW\NECK.DISPLAY\DESIGN\NECK_DISPLAY-5.MAX
Tue May 02 19:52:56 Error code 0034.912 (266)
Tue May 02 19:52:56 Saved as file Backup0.max
Tue May 02 19:52:56 Windows which were open at time of error:
Tue May 02 19:52:56 	ActiveWindow: &Design
Tue May 02 19:52:56 	Icon: Post Proces&s
Tue May 02 19:52:56 	Icon: &Components
Tue May 02 19:52:56 	Icon: &Nets
Tue May 02 19:52:56 End-of-list
Tue May 02 19:52:56 Error code 0034.912 (266)
Wed May 03 16:30:17 Loaded file C:\PROJECTS\RAGOBOTS_HW\ROBOT\HW\NECK.DISPLAY\DESIGN\NECK_DISPLAY-5.MAX
Wed May 03 16:32:51 Saved as file ~undo.max
Wed May 03 16:35:03 Saved as file ~undo.max
Wed May 03 16:37:30 Saved as file ~undo.max
Wed May 03 16:38:07 Saved as file ~undo.max
Wed May 03 16:40:22 Saved as file BACKUP1.MAX
Wed May 03 16:41:17 Saved as file ~undo.max
Wed May 03 16:41:52 Saved as file C:\PROJECTS\RAGOBOTS_HW\ROBOT\HW\NECK.DISPLAY\DESIGN\NECK_DISPLAY-5.MAX
Wed May 03 16:44:20 Saved as file C:\PROJECTS\RAGOBOTS_HW\ROBOT\HW\NECK.DISPLAY\DESIGN\NECK_DISPLAY-5.MAX
Wed May 03 16:47:08 Saved as file C:\PROJECTS\RAGOBOTS_HW\ROBOT\HW\NECK.DISPLAY\DESIGN\NECK_DISPLAY-5.MAX
Wed May 03 16:50:52 Saved as file BACKUP1.MAX
Wed May 03 16:51:41 Saved as file C:\PROJECTS\RAGOBOTS_HW\ROBOT\HW\NECK.DISPLAY\DESIGN\NECK_DISPLAY-5.MAX
Wed May 03 16:59:19 Saved as file C:\PROJECTS\RAGOBOTS_HW\ROBOT\HW\NECK.DISPLAY\DESIGN\NECK_DISPLAY-5.MAX
Wed May 03 17:01:52 Saved as file BACKUP1.MAX
Wed May 03 17:12:22 Saved as file BACKUP1.MAX
Wed May 03 17:22:52 Saved as file BACKUP1.MAX
Wed May 03 17:33:22 Saved as file BACKUP1.MAX
Wed May 03 17:37:24 Loaded file C:\Cadence\PSD_15.1\tools\Layout_Plus\data\template.imp
Wed May 03 17:37:24 Loaded file C:\Cadence\PSD_15.1\tools\Layout_Plus\data\template.imp
Wed May 03 17:37:27 Loaded file T:\ORCAD_LIB\G_JMETRIC.LLB
Wed May 03 17:37:28 Loaded file T:\ORCAD_LIB\F_BCON100T.LLB
Wed May 03 17:37:29 Loaded file T:\ORCAD_LIB\F_BCON156T.LLB
Wed May 03 17:37:30 Loaded file T:\ORCAD_LIB\F_BGA.LLB
Wed May 03 17:37:32 Loaded file T:\ORCAD_LIB\F_CLCC.LLB
Wed May 03 17:37:33 Loaded file T:\ORCAD_LIB\F_DCON050T.LLB
Wed May 03 17:37:34 Loaded file T:\ORCAD_LIB\F_DCON085T.LLB
Wed May 03 17:37:35 Loaded file T:\ORCAD_LIB\F_DIMM050F.LLB
Wed May 03 17:37:36 Loaded file T:\ORCAD_LIB\F_DIMM050T.LLB
Wed May 03 17:37:37 Loaded file T:\ORCAD_LIB\F_DIN.LLB
Wed May 03 17:37:37 Loaded file T:\ORCAD_LIB\F_DIP100B.LLB
Wed May 03 17:37:38 Loaded file T:\ORCAD_LIB\F_DIP100T.LLB
Wed May 03 17:37:51 Loaded file T:\ORCAD_LIB\G_JFOOTPRINTS.LLB
Wed May 03 17:38:13 Loaded file C:\Cadence\PSD_15.1\tools\Layout_Plus\data\template.imp
Wed May 03 17:38:13 Loaded file C:\Cadence\PSD_15.1\tools\Layout_Plus\data\template.imp
Wed May 03 17:38:16 Loaded file T:\ORCAD_LIB\G_JMETRIC.LLB
Wed May 03 17:38:24 Loaded file C:\Cadence\PSD_15.1\tools\Layout_Plus\data\template.met
Wed May 03 17:38:52 Loaded file T:\ORCAD_LIB\G_JMETRIC.LLB
Wed May 03 17:38:59 Saved as file T:\ORCAD_LIB\G_JMETRIC.LLB
Wed May 03 17:38:59 Loaded file C:\Cadence\PSD_15.1\tools\Layout_Plus\data\template.met
Wed May 03 17:39:42 Loaded file C:\Cadence\PSD_15.1\tools\Layout_Plus\data\template.imp
Wed May 03 17:39:42 Loaded file C:\Cadence\PSD_15.1\tools\Layout_Plus\data\template.imp
Wed May 03 17:39:46 Loaded file T:\ORCAD_LIB\G_JFOOTPRINTS.LLB
Wed May 03 17:39:49 Loaded file C:\Cadence\PSD_15.1\tools\Layout_Plus\data\template.imp
Wed May 03 17:41:06 Loaded file T:\ORCAD_LIB\G_JFOOTPRINTS.LLB
Wed May 03 17:41:07 Saved as file T:\ORCAD_LIB\G_JFOOTPRINTS.LLB
Wed May 03 17:41:08 Loaded file C:\Cadence\PSD_15.1\tools\Layout_Plus\data\template.imp
Wed May 03 17:41:10 Loaded file C:\Cadence\PSD_15.1\tools\Layout_Plus\data\template.imp
Wed May 03 17:41:11 Loaded file C:\Cadence\PSD_15.1\tools\Layout_Plus\data\template.imp
Wed May 03 17:55:22 Saved as file BACKUP1.MAX
Wed May 03 17:55:54 Saved as file C:\PROJECTS\RAGOBOTS_HW\ROBOT\HW\NECK.DISPLAY\DESIGN\NECK_DISPLAY-5.MAX
Wed May 03 19:21:28 Loaded file C:\Projects\ragobots_hw\robot\hw\neck.display\design\NECK_DISPLAY-5.MAX
Wed May 03 19:21:28 Saved as file C:\Projects\ragobots_hw\robot\hw\neck.display\design\NECK_DISPLAY-5.NEW
Tue May 09 22:52:29 Loaded file T:\ORCAD_LIB\G_JFOOTPRINTS.LLB
Tue May 09 22:52:30 Loaded file T:\ORCAD_LIB\G_JMETRIC.LLB
Tue May 09 22:52:31 Loaded file T:\ORCAD_LIB\G_JMETRIC.LLB
Tue May 09 22:52:31 Footprint coords will be rounded to nearest base unit.
Tue May 09 22:52:31 Footprint coords will be rounded to nearest base unit.
Tue May 09 22:52:31 Footprint coords will be rounded to nearest base unit.
Tue May 09 22:52:31 Footprint coords will be rounded to nearest base unit.
Tue May 09 22:52:31 Footprint coords will be rounded to nearest base unit.
Tue May 09 22:52:31 Footprint coords will be rounded to nearest base unit.
Tue May 09 22:52:31 Footprint coords will be rounded to nearest base unit.
Tue May 09 22:52:31 Footprint coords will be rounded to nearest base unit.
Tue May 09 22:52:31 Footprint coords will be rounded to nearest base unit.
Tue May 09 22:52:31 Footprint coords will be rounded to nearest base unit.
Tue May 09 22:52:31 Footprint coords will be rounded to nearest base unit.
Tue May 09 22:52:31 Footprint coords will be rounded to nearest base unit.
Tue May 09 22:52:31 Footprint coords will be rounded to nearest base unit.
Tue May 09 22:52:31 Footprint coords will be rounded to nearest base unit.
Tue May 09 22:52:31 Footprint coords will be rounded to nearest base unit.
Tue May 09 22:52:31 Footprint coords will be rounded to nearest base unit.
Tue May 09 22:52:31 Footprint coords will be rounded to nearest base unit.
Tue May 09 22:52:31 Footprint coords will be rounded to nearest base unit.
Tue May 09 22:52:31 Footprint coords will be rounded to nearest base unit.
Tue May 09 22:52:31 Footprint coords will be rounded to nearest base unit.
Tue May 09 22:52:31 Footprint coords will be rounded to nearest base unit.
Tue May 09 22:52:31 Footprint coords will be rounded to nearest base unit.
Tue May 09 22:52:31 Footprint coords will be rounded to nearest base unit.
Tue May 09 22:52:31 Footprint coords will be rounded to nearest base unit.
