Post Processor Report
OrCAD FILE: C:\PROJECTS\RAGOBOTS_HW\ROBOT\HW\NECK.DISPLAY\DESIGN\NECK_DISPLAY-5.MAX
Wed May 03 17:26:08 2006

*********************************************************

Output file: C:\PROJECTS\RAGOBOTS_HW\ROBOT\HW\NECK.DISPLAY\DESIGN\NECK_DISPLAY-5.TOP

Aperture totals for C:\PROJECTS\RAGOBOTS_HW\ROBOT\HW\NECK.DISPLAY\DESIGN\NECK_DISPLAY-5.TOP:
---------------------------------------------------------
D14:  0.0220 SQUARE --       0 Draws,      32 Flashes
D16:  0.0216 x 0.1417 RECTANGLE -----       6 Flashes
D17:  0.0216 x 0.1220 RECTANGLE -----       2 Flashes
D18:  0.0216 x 0.1023 RECTANGLE -----      17 Flashes
D28:  0.0120 ROUND  --     146 Draws,       0 Flashes
D64:  0.0100 ROUND  --     226 Draws,       0 Flashes
D65:  0.0080 ROUND  --      50 Draws,       0 Flashes
D74:  0.0070 ROUND  --     400 Draws,       0 Flashes
D75:  0.0320 x 0.0380 RECTANGLE -----       2 Flashes
D83:  0.0560 x 0.0920 RECTANGLE -----      10 Flashes
D89:  0.0420 ROUND  --       0 Draws,       7 Flashes
D90:  0.0420 SQUARE --       0 Draws,       1 Flashes
D91:  0.0400 x 0.0630 RECTANGLE -----      16 Flashes
D94:  0.0400 ROUND  --       0 Draws,      10 Flashes
D95:  0.0945 ROUND  --       0 Draws,       3 Flashes
D111: 0.0400 SQUARE --       0 Draws,       2 Flashes
D112: 0.1260 x 0.0472 RECTANGLE -----      20 Flashes
D113: 0.0250 ROUND  --       0 Draws,      52 Flashes
D114: 0.0250 ROUND  --       0 Draws,       1 Flashes
D115: 0.0250 ROUND  --       0 Draws,     233 Flashes
D116: 0.0250 ROUND  --       0 Draws,      10 Flashes
---------------------------------------------------------
 21 D-Codes      -----     822 Draws,     424 Flashes

*********************************************************

Output file: C:\PROJECTS\RAGOBOTS_HW\ROBOT\HW\NECK.DISPLAY\DESIGN\NECK_DISPLAY-5.BOT

Aperture totals for C:\PROJECTS\RAGOBOTS_HW\ROBOT\HW\NECK.DISPLAY\DESIGN\NECK_DISPLAY-5.BOT:
---------------------------------------------------------
D27:  0.0200 ROUND  --      10 Draws,       0 Flashes
D28:  0.0120 ROUND  --     277 Draws,       0 Flashes
D64:  0.0100 ROUND  --    2100 Draws,       0 Flashes
D65:  0.0080 ROUND  --     119 Draws,       0 Flashes
D74:  0.0070 ROUND  --     555 Draws,       0 Flashes
D105: 0.0420 ROUND  --       0 Draws,       7 Flashes
D106: 0.0420 SQUARE --       0 Draws,       1 Flashes
D108: 0.0400 ROUND  --       0 Draws,      10 Flashes
D109: 0.0945 ROUND  --       0 Draws,       3 Flashes
D115: 0.0250 ROUND  --       0 Draws,     244 Flashes
D117: 0.0500 SQUARE --       0 Draws,       6 Flashes
D118: 0.0220 SQUARE --       0 Draws,      74 Flashes
D119: 0.0320 x 0.0380 RECTANGLE -----      28 Flashes
D120: 0.0380 x 0.0320 RECTANGLE -----       6 Flashes
D121: 0.1378 x 0.0807 RECTANGLE -----       2 Flashes
D122: 0.1575 x 0.0807 RECTANGLE -----       2 Flashes
D123: 0.0886 x 0.0197 RECTANGLE -----       5 Flashes
D124: 0.0560 x 0.0920 RECTANGLE -----       8 Flashes
D125: 0.0787 SQUARE --       0 Draws,       1 Flashes
D126: 0.0590 x 0.0110 OBLONG    -----      14 Flashes
D127: 0.0590 x 0.0110 RECTANGLE -----       2 Flashes
D128: 0.0110 x 0.0590 OBLONG    -----      14 Flashes
D129: 0.0110 x 0.0590 RECTANGLE -----       2 Flashes
D130: 0.0180 x 0.0700 OBLONG    -----      28 Flashes
D131: 0.0180 x 0.0700 RECTANGLE -----       4 Flashes
D132: 0.0700 x 0.0180 OBLONG    -----      29 Flashes
D133: 0.0700 x 0.0180 RECTANGLE -----       3 Flashes
D134: 0.0216 x 0.1417 RECTANGLE -----       3 Flashes
D135: 0.0216 x 0.1220 RECTANGLE -----       2 Flashes
D136: 0.0216 x 0.1023 RECTANGLE -----      20 Flashes
D137: 0.0400 x 0.0630 RECTANGLE -----      16 Flashes
D138: 0.0250 x 0.0940 OBLONG    -----      21 Flashes
D139: 0.0250 x 0.0940 RECTANGLE -----       3 Flashes
D140: 0.0400 SQUARE --       0 Draws,       2 Flashes
D141: 0.0860 x 0.0250 OBLONG    -----       7 Flashes
D142: 0.0860 x 0.0250 RECTANGLE -----       1 Flashes
D143: 0.0940 x 0.0250 OBLONG    -----       7 Flashes
D144: 0.0940 x 0.0250 RECTANGLE -----       1 Flashes
D145: 0.0140 x 0.0500 OBLONG    -----      23 Flashes
D146: 0.0140 x 0.0500 RECTANGLE -----       1 Flashes
D147: 0.0500 x 0.0140 OBLONG    -----      23 Flashes
D148: 0.0500 x 0.0140 RECTANGLE -----       1 Flashes
D149: 0.0700 x 0.0110 OBLONG    -----      22 Flashes
D150: 0.0700 x 0.0110 RECTANGLE -----       2 Flashes
D151: 0.0110 x 0.0700 OBLONG    -----      21 Flashes
D152: 0.0110 x 0.0700 RECTANGLE -----       3 Flashes
D153: 0.1023 x 0.0315 RECTANGLE -----       3 Flashes
D154: 0.2165 x 0.0787 RECTANGLE -----       2 Flashes
D155: 0.0250 ROUND  --       0 Draws,      52 Flashes
D156: 0.0300 ROUND  --       3 Draws,       0 Flashes
D157: 0.0110 ROUND  --      57 Draws,       0 Flashes
---------------------------------------------------------
 51 D-Codes      -----    3121 Draws,     729 Flashes

*********************************************************

Output file: C:\PROJECTS\RAGOBOTS_HW\ROBOT\HW\NECK.DISPLAY\DESIGN\NECK_DISPLAY-5.GND

Aperture totals for C:\PROJECTS\RAGOBOTS_HW\ROBOT\HW\NECK.DISPLAY\DESIGN\NECK_DISPLAY-5.GND:
---------------------------------------------------------
D156: 0.0300 ROUND  --      23 Draws,       0 Flashes
D158: 0.0590 SQUARE --       0 Draws,       6 Flashes
D159: 0.1020 OD, 0.0720 ID THERMAL --       2 Flashes
D160: 0.0669 ROUND  --       0 Draws,      15 Flashes
D161: 0.1091 OD, 0.0791 ID THERMAL --       1 Flashes
D162: 0.0600 ROUND  --       0 Draws,       5 Flashes
D163: 0.1000 OD, 0.0700 ID THERMAL --       1 Flashes
D164: 0.0600 ROUND  --       0 Draws,       5 Flashes
D165: 0.1000 OD, 0.0700 ID THERMAL --       1 Flashes
D166: 0.0945 ROUND  --       0 Draws,       3 Flashes
D167: 0.0430 ROUND  --       0 Draws,       1 Flashes
D168: 0.0120 OD, 0.0100 ID THERMAL --      13 Flashes
D169: 0.0430 ROUND  --       0 Draws,      38 Flashes
D170: 0.0120 OD, 0.0100 ID THERMAL --       1 Flashes
D171: 0.0430 ROUND  --       0 Draws,     170 Flashes
D172: 0.0430 ROUND  --       0 Draws,      11 Flashes
D173: 0.0120 OD, 0.0100 ID THERMAL --      62 Flashes
---------------------------------------------------------
 17 D-Codes      -----      23 Draws,     335 Flashes

*********************************************************

Output file: C:\PROJECTS\RAGOBOTS_HW\ROBOT\HW\NECK.DISPLAY\DESIGN\NECK_DISPLAY-5.PWR

Aperture totals for C:\PROJECTS\RAGOBOTS_HW\ROBOT\HW\NECK.DISPLAY\DESIGN\NECK_DISPLAY-5.PWR:
---------------------------------------------------------
D64:  0.0100 ROUND  --      16 Draws,       0 Flashes
D156: 0.0300 ROUND  --      23 Draws,       0 Flashes
D158: 0.0590 SQUARE --       0 Draws,       5 Flashes
D159: 0.1020 OD, 0.0720 ID THERMAL --       1 Flashes
D160: 0.0669 ROUND  --       0 Draws,      16 Flashes
D163: 0.1000 OD, 0.0700 ID THERMAL --       1 Flashes
D164: 0.0600 ROUND  --       0 Draws,       5 Flashes
D165: 0.1000 OD, 0.0700 ID THERMAL --       1 Flashes
D166: 0.0945 ROUND  --       0 Draws,       3 Flashes
D168: 0.0120 OD, 0.0100 ID THERMAL --      17 Flashes
D169: 0.0430 ROUND  --       0 Draws,      35 Flashes
D170: 0.0120 OD, 0.0100 ID THERMAL --      14 Flashes
D171: 0.0430 ROUND  --       0 Draws,     157 Flashes
D172: 0.0430 ROUND  --       0 Draws,      62 Flashes
D173: 0.0120 OD, 0.0100 ID THERMAL --      11 Flashes
D174: 0.0590 SQUARE --       0 Draws,       2 Flashes
D175: 0.0600 ROUND  --       0 Draws,       5 Flashes
---------------------------------------------------------
 17 D-Codes      -----      39 Draws,     335 Flashes

*********************************************************

Output file: C:\PROJECTS\RAGOBOTS_HW\ROBOT\HW\NECK.DISPLAY\DESIGN\NECK_DISPLAY-5.IN1

Aperture totals for C:\PROJECTS\RAGOBOTS_HW\ROBOT\HW\NECK.DISPLAY\DESIGN\NECK_DISPLAY-5.IN1:
---------------------------------------------------------
D28:  0.0120 ROUND  --      27 Draws,       0 Flashes
D64:  0.0100 ROUND  --    1323 Draws,       0 Flashes
D65:  0.0080 ROUND  --      53 Draws,       0 Flashes
D74:  0.0070 ROUND  --     275 Draws,       0 Flashes
D114: 0.0250 ROUND  --       0 Draws,      17 Flashes
D115: 0.0250 ROUND  --       0 Draws,     154 Flashes
D116: 0.0250 ROUND  --       0 Draws,      73 Flashes
D176: 0.0420 ROUND  --       0 Draws,       7 Flashes
D177: 0.0420 SQUARE --       0 Draws,       1 Flashes
D178: 0.0400 x 0.0512 RECTANGLE -----      16 Flashes
D179: 0.0400 ROUND  --       0 Draws,      12 Flashes
D180: 0.0945 ROUND  --       0 Draws,       3 Flashes
D181: 0.0250 ROUND  --       0 Draws,      52 Flashes
---------------------------------------------------------
 13 D-Codes      -----    1678 Draws,     335 Flashes

*********************************************************

Output file: C:\PROJECTS\RAGOBOTS_HW\ROBOT\HW\NECK.DISPLAY\DESIGN\NECK_DISPLAY-5.IN2

Aperture totals for C:\PROJECTS\RAGOBOTS_HW\ROBOT\HW\NECK.DISPLAY\DESIGN\NECK_DISPLAY-5.IN2:
---------------------------------------------------------
D28:  0.0120 ROUND  --      37 Draws,       0 Flashes
D64:  0.0100 ROUND  --     604 Draws,       0 Flashes
D65:  0.0080 ROUND  --      46 Draws,       0 Flashes
D74:  0.0070 ROUND  --     253 Draws,       0 Flashes
D105: 0.0420 ROUND  --       0 Draws,       7 Flashes
D106: 0.0420 SQUARE --       0 Draws,       1 Flashes
D107: 0.0400 x 0.0512 RECTANGLE -----      16 Flashes
D108: 0.0400 ROUND  --       0 Draws,      12 Flashes
D109: 0.0945 ROUND  --       0 Draws,       3 Flashes
D114: 0.0250 ROUND  --       0 Draws,       3 Flashes
D115: 0.0250 ROUND  --       0 Draws,     168 Flashes
D116: 0.0250 ROUND  --       0 Draws,      73 Flashes
D155: 0.0250 ROUND  --       0 Draws,      52 Flashes
---------------------------------------------------------
 13 D-Codes      -----     940 Draws,     335 Flashes

*********************************************************

Output file: C:\PROJECTS\RAGOBOTS_HW\ROBOT\HW\NECK.DISPLAY\DESIGN\NECK_DISPLAY-5.OTL

Aperture totals for C:\PROJECTS\RAGOBOTS_HW\ROBOT\HW\NECK.DISPLAY\DESIGN\NECK_DISPLAY-5.OTL:
---------------------------------------------------------
D63:  0.0010 ROUND  --      23 Draws,       0 Flashes
D105: 0.0420 ROUND  --       0 Draws,       7 Flashes
D106: 0.0420 SQUARE --       0 Draws,       1 Flashes
D107: 0.0400 x 0.0512 RECTANGLE -----      16 Flashes
D109: 0.0945 ROUND  --       0 Draws,       3 Flashes
---------------------------------------------------------
  5 D-Codes      -----      23 Draws,      27 Flashes

*********************************************************

Output file: C:\PROJECTS\RAGOBOTS_HW\ROBOT\HW\NECK.DISPLAY\DESIGN\NECK_DISPLAY-5.SMT

Aperture totals for C:\PROJECTS\RAGOBOTS_HW\ROBOT\HW\NECK.DISPLAY\DESIGN\NECK_DISPLAY-5.SMT:
---------------------------------------------------------
D64:  0.0100 ROUND  --     138 Draws,       0 Flashes
D105: 0.0420 ROUND  --       0 Draws,      17 Flashes
D106: 0.0420 SQUARE --       0 Draws,       3 Flashes
D109: 0.0945 ROUND  --       0 Draws,       3 Flashes
D118: 0.0220 SQUARE --       0 Draws,      32 Flashes
D119: 0.0320 x 0.0380 RECTANGLE -----       2 Flashes
D124: 0.0560 x 0.0920 RECTANGLE -----      10 Flashes
D182: 0.0295 x 0.1417 RECTANGLE -----       6 Flashes
D183: 0.0295 x 0.1220 RECTANGLE -----       2 Flashes
D184: 0.0295 x 0.1102 RECTANGLE -----      17 Flashes
D185: 0.0433 x 0.0669 RECTANGLE -----      16 Flashes
D186: 0.1260 x 0.0472 RECTANGLE -----      20 Flashes
---------------------------------------------------------
 12 D-Codes      -----     138 Draws,     128 Flashes

*********************************************************

Output file: C:\PROJECTS\RAGOBOTS_HW\ROBOT\HW\NECK.DISPLAY\DESIGN\NECK_DISPLAY-5.SMB

Aperture totals for C:\PROJECTS\RAGOBOTS_HW\ROBOT\HW\NECK.DISPLAY\DESIGN\NECK_DISPLAY-5.SMB:
---------------------------------------------------------
D64:  0.0100 ROUND  --     138 Draws,       0 Flashes
D105: 0.0420 ROUND  --       0 Draws,      17 Flashes
D106: 0.0420 SQUARE --       0 Draws,       3 Flashes
D109: 0.0945 ROUND  --       0 Draws,       3 Flashes
D117: 0.0500 SQUARE --       0 Draws,       6 Flashes
D118: 0.0220 SQUARE --       0 Draws,      74 Flashes
D119: 0.0320 x 0.0380 RECTANGLE -----      28 Flashes
D120: 0.0380 x 0.0320 RECTANGLE -----       6 Flashes
D124: 0.0560 x 0.0920 RECTANGLE -----       8 Flashes
D125: 0.0787 SQUARE --       0 Draws,       1 Flashes
D126: 0.0590 x 0.0110 OBLONG    -----      14 Flashes
D127: 0.0590 x 0.0110 RECTANGLE -----       2 Flashes
D128: 0.0110 x 0.0590 OBLONG    -----      14 Flashes
D129: 0.0110 x 0.0590 RECTANGLE -----       2 Flashes
D130: 0.0180 x 0.0700 OBLONG    -----      28 Flashes
D131: 0.0180 x 0.0700 RECTANGLE -----       4 Flashes
D132: 0.0700 x 0.0180 OBLONG    -----      29 Flashes
D133: 0.0700 x 0.0180 RECTANGLE -----       3 Flashes
D138: 0.0250 x 0.0940 OBLONG    -----      21 Flashes
D139: 0.0250 x 0.0940 RECTANGLE -----       3 Flashes
D141: 0.0860 x 0.0250 OBLONG    -----       7 Flashes
D142: 0.0860 x 0.0250 RECTANGLE -----       1 Flashes
D143: 0.0940 x 0.0250 OBLONG    -----       7 Flashes
D144: 0.0940 x 0.0250 RECTANGLE -----       1 Flashes
D145: 0.0140 x 0.0500 OBLONG    -----      23 Flashes
D146: 0.0140 x 0.0500 RECTANGLE -----       1 Flashes
D147: 0.0500 x 0.0140 OBLONG    -----      23 Flashes
D148: 0.0500 x 0.0140 RECTANGLE -----       1 Flashes
D149: 0.0700 x 0.0110 OBLONG    -----      22 Flashes
D150: 0.0700 x 0.0110 RECTANGLE -----       2 Flashes
D151: 0.0110 x 0.0700 OBLONG    -----      21 Flashes
D152: 0.0110 x 0.0700 RECTANGLE -----       3 Flashes
D154: 0.2165 x 0.0787 RECTANGLE -----       2 Flashes
D182: 0.0295 x 0.1417 RECTANGLE -----       3 Flashes
D183: 0.0295 x 0.1220 RECTANGLE -----       2 Flashes
D184: 0.0295 x 0.1102 RECTANGLE -----      20 Flashes
D185: 0.0433 x 0.0669 RECTANGLE -----      16 Flashes
D187: 0.1437 x 0.0866 RECTANGLE -----       2 Flashes
D188: 0.1634 x 0.0866 RECTANGLE -----       2 Flashes
D189: 0.0945 x 0.0256 RECTANGLE -----       5 Flashes
D190: 0.1043 x 0.0374 RECTANGLE -----       3 Flashes
---------------------------------------------------------
 41 D-Codes      -----     138 Draws,     433 Flashes

*********************************************************

Output file: C:\PROJECTS\RAGOBOTS_HW\ROBOT\HW\NECK.DISPLAY\DESIGN\NECK_DISPLAY-5.SPT

Aperture totals for C:\PROJECTS\RAGOBOTS_HW\ROBOT\HW\NECK.DISPLAY\DESIGN\NECK_DISPLAY-5.SPT:
---------------------------------------------------------
D109: 0.0945 ROUND  --       0 Draws,       3 Flashes
D118: 0.0220 SQUARE --       0 Draws,      32 Flashes
D119: 0.0320 x 0.0380 RECTANGLE -----       2 Flashes
D124: 0.0560 x 0.0920 RECTANGLE -----      10 Flashes
D186: 0.1260 x 0.0472 RECTANGLE -----      20 Flashes
---------------------------------------------------------
  5 D-Codes      -----       0 Draws,      67 Flashes

*********************************************************

Output file: C:\PROJECTS\RAGOBOTS_HW\ROBOT\HW\NECK.DISPLAY\DESIGN\NECK_DISPLAY-5.SPB

Aperture totals for C:\PROJECTS\RAGOBOTS_HW\ROBOT\HW\NECK.DISPLAY\DESIGN\NECK_DISPLAY-5.SPB:
---------------------------------------------------------
D109: 0.0945 ROUND  --       0 Draws,       3 Flashes
D117: 0.0500 SQUARE --       0 Draws,       6 Flashes
D118: 0.0220 SQUARE --       0 Draws,      74 Flashes
D119: 0.0320 x 0.0380 RECTANGLE -----      28 Flashes
D120: 0.0380 x 0.0320 RECTANGLE -----       6 Flashes
D121: 0.1378 x 0.0807 RECTANGLE -----       2 Flashes
D122: 0.1575 x 0.0807 RECTANGLE -----       2 Flashes
D123: 0.0886 x 0.0197 RECTANGLE -----       5 Flashes
D124: 0.0560 x 0.0920 RECTANGLE -----       8 Flashes
D126: 0.0590 x 0.0110 OBLONG    -----      14 Flashes
D127: 0.0590 x 0.0110 RECTANGLE -----       2 Flashes
D128: 0.0110 x 0.0590 OBLONG    -----      14 Flashes
D129: 0.0110 x 0.0590 RECTANGLE -----       2 Flashes
D130: 0.0180 x 0.0700 OBLONG    -----      28 Flashes
D131: 0.0180 x 0.0700 RECTANGLE -----       4 Flashes
D132: 0.0700 x 0.0180 OBLONG    -----      29 Flashes
D133: 0.0700 x 0.0180 RECTANGLE -----       3 Flashes
D138: 0.0250 x 0.0940 OBLONG    -----      21 Flashes
D139: 0.0250 x 0.0940 RECTANGLE -----       3 Flashes
D141: 0.0860 x 0.0250 OBLONG    -----       7 Flashes
D142: 0.0860 x 0.0250 RECTANGLE -----       1 Flashes
D143: 0.0940 x 0.0250 OBLONG    -----       7 Flashes
D144: 0.0940 x 0.0250 RECTANGLE -----       1 Flashes
D149: 0.0700 x 0.0110 OBLONG    -----      22 Flashes
D150: 0.0700 x 0.0110 RECTANGLE -----       2 Flashes
D151: 0.0110 x 0.0700 OBLONG    -----      21 Flashes
D152: 0.0110 x 0.0700 RECTANGLE -----       3 Flashes
D153: 0.1023 x 0.0315 RECTANGLE -----       3 Flashes
D154: 0.2165 x 0.0787 RECTANGLE -----       2 Flashes
D191: 0.0394 SQUARE --       0 Draws,       1 Flashes
---------------------------------------------------------
 30 D-Codes      -----       0 Draws,     324 Flashes

*********************************************************

Output file: C:\PROJECTS\RAGOBOTS_HW\ROBOT\HW\NECK.DISPLAY\DESIGN\NECK_DISPLAY-5.SST

Aperture totals for C:\PROJECTS\RAGOBOTS_HW\ROBOT\HW\NECK.DISPLAY\DESIGN\NECK_DISPLAY-5.SST:
---------------------------------------------------------
D64:  0.0100 ROUND  --       4 Draws,       0 Flashes
D66:  0.0060 ROUND  --     103 Draws,       0 Flashes
D67:  0.0079 ROUND  --       4 Draws,       0 Flashes
D74:  0.0070 ROUND  --     524 Draws,       0 Flashes
D110: 0.0039 ROUND  --      40 Draws,       0 Flashes
---------------------------------------------------------
  5 D-Codes      -----     675 Draws,       0 Flashes

*********************************************************

Output file: C:\PROJECTS\RAGOBOTS_HW\ROBOT\HW\NECK.DISPLAY\DESIGN\NECK_DISPLAY-5.SSB

Aperture totals for C:\PROJECTS\RAGOBOTS_HW\ROBOT\HW\NECK.DISPLAY\DESIGN\NECK_DISPLAY-5.SSB:
---------------------------------------------------------
D64:  0.0100 ROUND  --      30 Draws,       0 Flashes
D65:  0.0080 ROUND  --      91 Draws,       0 Flashes
D66:  0.0060 ROUND  --     260 Draws,       0 Flashes
D67:  0.0079 ROUND  --       4 Draws,       0 Flashes
D74:  0.0070 ROUND  --    1260 Draws,       0 Flashes
---------------------------------------------------------
  5 D-Codes      -----    1645 Draws,       0 Flashes


*********************************************************

Aperture totals for entire project:
---------------------------------------------------------
D14:  0.0220 SQUARE --       0 Draws,      32 Flashes
D16:  0.0216 x 0.1417 RECTANGLE -----       6 Flashes
D17:  0.0216 x 0.1220 RECTANGLE -----       2 Flashes
D18:  0.0216 x 0.1023 RECTANGLE -----      17 Flashes
D27:  0.0200 ROUND  --      10 Draws,       0 Flashes
D28:  0.0120 ROUND  --     487 Draws,       0 Flashes
D63:  0.0010 ROUND  --      23 Draws,       0 Flashes
D64:  0.0100 ROUND  --    4579 Draws,       0 Flashes
D65:  0.0080 ROUND  --     359 Draws,       0 Flashes
D66:  0.0060 ROUND  --     363 Draws,       0 Flashes
D67:  0.0079 ROUND  --       8 Draws,       0 Flashes
D74:  0.0070 ROUND  --    3267 Draws,       0 Flashes
D75:  0.0320 x 0.0380 RECTANGLE -----       2 Flashes
D83:  0.0560 x 0.0920 RECTANGLE -----      10 Flashes
D89:  0.0420 ROUND  --       0 Draws,       7 Flashes
D90:  0.0420 SQUARE --       0 Draws,       1 Flashes
D91:  0.0400 x 0.0630 RECTANGLE -----      16 Flashes
D94:  0.0400 ROUND  --       0 Draws,      10 Flashes
D95:  0.0945 ROUND  --       0 Draws,       3 Flashes
D105: 0.0420 ROUND  --       0 Draws,      55 Flashes
D106: 0.0420 SQUARE --       0 Draws,       9 Flashes
D107: 0.0400 x 0.0512 RECTANGLE -----      32 Flashes
D108: 0.0400 ROUND  --       0 Draws,      22 Flashes
D109: 0.0945 ROUND  --       0 Draws,      21 Flashes
D110: 0.0039 ROUND  --      40 Draws,       0 Flashes
D111: 0.0400 SQUARE --       0 Draws,       2 Flashes
D112: 0.1260 x 0.0472 RECTANGLE -----      20 Flashes
D113: 0.0250 ROUND  --       0 Draws,      52 Flashes
D114: 0.0250 ROUND  --       0 Draws,      21 Flashes
D115: 0.0250 ROUND  --       0 Draws,     799 Flashes
D116: 0.0250 ROUND  --       0 Draws,     156 Flashes
D117: 0.0500 SQUARE --       0 Draws,      18 Flashes
D118: 0.0220 SQUARE --       0 Draws,     286 Flashes
D119: 0.0320 x 0.0380 RECTANGLE -----      88 Flashes
D120: 0.0380 x 0.0320 RECTANGLE -----      18 Flashes
D121: 0.1378 x 0.0807 RECTANGLE -----       4 Flashes
D122: 0.1575 x 0.0807 RECTANGLE -----       4 Flashes
D123: 0.0886 x 0.0197 RECTANGLE -----      10 Flashes
D124: 0.0560 x 0.0920 RECTANGLE -----      44 Flashes
D125: 0.0787 SQUARE --       0 Draws,       2 Flashes
D126: 0.0590 x 0.0110 OBLONG    -----      42 Flashes
D127: 0.0590 x 0.0110 RECTANGLE -----       6 Flashes
D128: 0.0110 x 0.0590 OBLONG    -----      42 Flashes
D129: 0.0110 x 0.0590 RECTANGLE -----       6 Flashes
D130: 0.0180 x 0.0700 OBLONG    -----      84 Flashes
D131: 0.0180 x 0.0700 RECTANGLE -----      12 Flashes
D132: 0.0700 x 0.0180 OBLONG    -----      87 Flashes
D133: 0.0700 x 0.0180 RECTANGLE -----       9 Flashes
D134: 0.0216 x 0.1417 RECTANGLE -----       3 Flashes
D135: 0.0216 x 0.1220 RECTANGLE -----       2 Flashes
D136: 0.0216 x 0.1023 RECTANGLE -----      20 Flashes
D137: 0.0400 x 0.0630 RECTANGLE -----      16 Flashes
D138: 0.0250 x 0.0940 OBLONG    -----      63 Flashes
D139: 0.0250 x 0.0940 RECTANGLE -----       9 Flashes
D140: 0.0400 SQUARE --       0 Draws,       2 Flashes
D141: 0.0860 x 0.0250 OBLONG    -----      21 Flashes
D142: 0.0860 x 0.0250 RECTANGLE -----       3 Flashes
D143: 0.0940 x 0.0250 OBLONG    -----      21 Flashes
D144: 0.0940 x 0.0250 RECTANGLE -----       3 Flashes
D145: 0.0140 x 0.0500 OBLONG    -----      46 Flashes
D146: 0.0140 x 0.0500 RECTANGLE -----       2 Flashes
D147: 0.0500 x 0.0140 OBLONG    -----      46 Flashes
D148: 0.0500 x 0.0140 RECTANGLE -----       2 Flashes
D149: 0.0700 x 0.0110 OBLONG    -----      66 Flashes
D150: 0.0700 x 0.0110 RECTANGLE -----       6 Flashes
D151: 0.0110 x 0.0700 OBLONG    -----      63 Flashes
D152: 0.0110 x 0.0700 RECTANGLE -----       9 Flashes
D153: 0.1023 x 0.0315 RECTANGLE -----       6 Flashes
D154: 0.2165 x 0.0787 RECTANGLE -----       6 Flashes
D155: 0.0250 ROUND  --       0 Draws,     104 Flashes
D156: 0.0300 ROUND  --      49 Draws,       0 Flashes
D157: 0.0110 ROUND  --      57 Draws,       0 Flashes
D158: 0.0590 SQUARE --       0 Draws,      11 Flashes
D159: 0.1020 OD, 0.0720 ID THERMAL --       3 Flashes
D160: 0.0669 ROUND  --       0 Draws,      31 Flashes
D161: 0.1091 OD, 0.0791 ID THERMAL --       1 Flashes
D162: 0.0600 ROUND  --       0 Draws,       5 Flashes
D163: 0.1000 OD, 0.0700 ID THERMAL --       2 Flashes
D164: 0.0600 ROUND  --       0 Draws,      10 Flashes
D165: 0.1000 OD, 0.0700 ID THERMAL --       2 Flashes
D166: 0.0945 ROUND  --       0 Draws,       6 Flashes
D167: 0.0430 ROUND  --       0 Draws,       1 Flashes
D168: 0.0120 OD, 0.0100 ID THERMAL --      30 Flashes
D169: 0.0430 ROUND  --       0 Draws,      73 Flashes
D170: 0.0120 OD, 0.0100 ID THERMAL --      15 Flashes
D171: 0.0430 ROUND  --       0 Draws,     327 Flashes
D172: 0.0430 ROUND  --       0 Draws,      73 Flashes
D173: 0.0120 OD, 0.0100 ID THERMAL --      73 Flashes
D174: 0.0590 SQUARE --       0 Draws,       2 Flashes
D175: 0.0600 ROUND  --       0 Draws,       5 Flashes
D176: 0.0420 ROUND  --       0 Draws,       7 Flashes
D177: 0.0420 SQUARE --       0 Draws,       1 Flashes
D178: 0.0400 x 0.0512 RECTANGLE -----      16 Flashes
D179: 0.0400 ROUND  --       0 Draws,      12 Flashes
D180: 0.0945 ROUND  --       0 Draws,       3 Flashes
D181: 0.0250 ROUND  --       0 Draws,      52 Flashes
D182: 0.0295 x 0.1417 RECTANGLE -----       9 Flashes
D183: 0.0295 x 0.1220 RECTANGLE -----       4 Flashes
D184: 0.0295 x 0.1102 RECTANGLE -----      37 Flashes
D185: 0.0433 x 0.0669 RECTANGLE -----      32 Flashes
D186: 0.1260 x 0.0472 RECTANGLE -----      40 Flashes
D187: 0.1437 x 0.0866 RECTANGLE -----       2 Flashes
D188: 0.1634 x 0.0866 RECTANGLE -----       2 Flashes
D189: 0.0945 x 0.0256 RECTANGLE -----       5 Flashes
D190: 0.1043 x 0.0374 RECTANGLE -----       3 Flashes
D191: 0.0394 SQUARE --       0 Draws,       1 Flashes
---------------------------------------------------------
106 D-Codes      -----    9242 Draws,    3472 Flashes


No warnings or errors.
